{"/Users/gugu/Developer/Personal/justlikethat/fastify-admin/fastify-admin/src/AdminResource.ts": {"path":"/Users/gugu/Developer/Personal/justlikethat/fastify-admin/fastify-admin/src/AdminResource.ts","statementMap":{"0":{"start":{"line":38,"column":12},"end":{"line":38,"column":null}},"1":{"start":{"line":45,"column":28},"end":{"line":45,"column":null}},"2":{"start":{"line":51,"column":4},"end":{"line":51,"column":null}},"3":{"start":{"line":56,"column":4},"end":{"line":56,"column":null}},"4":{"start":{"line":61,"column":4},"end":{"line":61,"column":null}},"5":{"start":{"line":66,"column":4},"end":{"line":66,"column":null}},"6":{"start":{"line":71,"column":4},"end":{"line":71,"column":null}},"7":{"start":{"line":81,"column":4},"end":{"line":81,"column":null}},"8":{"start":{"line":87,"column":17},"end":{"line":87,"column":null}},"9":{"start":{"line":88,"column":4},"end":{"line":88,"column":null}},"10":{"start":{"line":92,"column":19},"end":{"line":92,"column":null}},"11":{"start":{"line":93,"column":4},"end":{"line":93,"column":null}},"12":{"start":{"line":97,"column":19},"end":{"line":97,"column":null}},"13":{"start":{"line":98,"column":4},"end":{"line":98,"column":null}},"14":{"start":{"line":102,"column":19},"end":{"line":102,"column":null}},"15":{"start":{"line":103,"column":4},"end":{"line":103,"column":null}},"16":{"start":{"line":110,"column":4},"end":{"line":121,"column":null}}},"fnMap":{"0":{"name":"(anonymous_0)","decl":{"start":{"line":50,"column":2},"end":{"line":50,"column":26}},"loc":{"start":{"line":50,"column":26},"end":{"line":52,"column":null}},"line":50},"1":{"name":"(anonymous_1)","decl":{"start":{"line":55,"column":2},"end":{"line":55,"column":25}},"loc":{"start":{"line":55,"column":25},"end":{"line":57,"column":null}},"line":55},"2":{"name":"(anonymous_2)","decl":{"start":{"line":60,"column":2},"end":{"line":60,"column":25}},"loc":{"start":{"line":60,"column":25},"end":{"line":62,"column":null}},"line":60},"3":{"name":"(anonymous_3)","decl":{"start":{"line":65,"column":2},"end":{"line":65,"column":24}},"loc":{"start":{"line":65,"column":24},"end":{"line":67,"column":null}},"line":65},"4":{"name":"(anonymous_4)","decl":{"start":{"line":70,"column":2},"end":{"line":70,"column":28}},"loc":{"start":{"line":70,"column":28},"end":{"line":72,"column":null}},"line":70},"5":{"name":"(anonymous_5)","decl":{"start":{"line":80,"column":2},"end":{"line":80,"column":35}},"loc":{"start":{"line":80,"column":35},"end":{"line":82,"column":null}},"line":80},"6":{"name":"(anonymous_6)","decl":{"start":{"line":86,"column":6},"end":{"line":86,"column":31}},"loc":{"start":{"line":86,"column":31},"end":{"line":89,"column":null}},"line":86},"7":{"name":"(anonymous_7)","decl":{"start":{"line":91,"column":6},"end":{"line":91,"column":31}},"loc":{"start":{"line":91,"column":31},"end":{"line":94,"column":null}},"line":91},"8":{"name":"(anonymous_8)","decl":{"start":{"line":96,"column":6},"end":{"line":96,"column":31}},"loc":{"start":{"line":96,"column":31},"end":{"line":99,"column":null}},"line":96},"9":{"name":"(anonymous_9)","decl":{"start":{"line":101,"column":6},"end":{"line":101,"column":29}},"loc":{"start":{"line":101,"column":29},"end":{"line":104,"column":null}},"line":101},"10":{"name":"(anonymous_10)","decl":{"start":{"line":109,"column":2},"end":{"line":109,"column":27}},"loc":{"start":{"line":109,"column":27},"end":{"line":122,"column":null}},"line":109}},"branchMap":{"0":{"loc":{"start":{"line":88,"column":11},"end":{"line":88,"column":null}},"type":"cond-expr","locations":[{"start":{"line":88,"column":25},"end":{"line":88,"column":45}},{"start":{"line":88,"column":45},"end":{"line":88,"column":null}}],"line":88},"1":{"loc":{"start":{"line":93,"column":11},"end":{"line":93,"column":null}},"type":"cond-expr","locations":[{"start":{"line":93,"column":27},"end":{"line":93,"column":40}},{"start":{"line":93,"column":40},"end":{"line":93,"column":null}}],"line":93},"2":{"loc":{"start":{"line":98,"column":11},"end":{"line":98,"column":null}},"type":"cond-expr","locations":[{"start":{"line":98,"column":27},"end":{"line":98,"column":40}},{"start":{"line":98,"column":40},"end":{"line":98,"column":null}}],"line":98},"3":{"loc":{"start":{"line":103,"column":11},"end":{"line":103,"column":null}},"type":"cond-expr","locations":[{"start":{"line":103,"column":27},"end":{"line":103,"column":40}},{"start":{"line":103,"column":40},"end":{"line":103,"column":null}}],"line":103}},"s":{"0":0,"1":0,"2":0,"3":0,"4":0,"5":0,"6":0,"7":0,"8":0,"9":0,"10":0,"11":0,"12":0,"13":0,"14":0,"15":0,"16":0},"f":{"0":0,"1":0,"2":0,"3":0,"4":0,"5":0,"6":0,"7":0,"8":0,"9":0,"10":0},"b":{"0":[0,0],"1":[0,0],"2":[0,0],"3":[0,0]},"meta":{"lastBranch":4,"lastFunction":11,"lastStatement":17,"seen":{"s:38:12:38:Infinity":0,"s:45:28:45:Infinity":1,"f:50:2:50:26":0,"s:51:4:51:Infinity":2,"f:55:2:55:25":1,"s:56:4:56:Infinity":3,"f:60:2:60:25":2,"s:61:4:61:Infinity":4,"f:65:2:65:24":3,"s:66:4:66:Infinity":5,"f:70:2:70:28":4,"s:71:4:71:Infinity":6,"f:80:2:80:35":5,"s:81:4:81:Infinity":7,"f:86:6:86:31":6,"s:87:17:87:Infinity":8,"s:88:4:88:Infinity":9,"b:88:25:88:45:88:45:88:Infinity":0,"f:91:6:91:31":7,"s:92:19:92:Infinity":10,"s:93:4:93:Infinity":11,"b:93:27:93:40:93:40:93:Infinity":1,"f:96:6:96:31":8,"s:97:19:97:Infinity":12,"s:98:4:98:Infinity":13,"b:98:27:98:40:98:40:98:Infinity":2,"f:101:6:101:29":9,"s:102:19:102:Infinity":14,"s:103:4:103:Infinity":15,"b:103:27:103:40:103:40:103:Infinity":3,"f:109:2:109:27":10,"s:110:4:121:Infinity":16}}}
,"/Users/gugu/Developer/Personal/justlikethat/fastify-admin/fastify-admin/src/db.ts": {"path":"/Users/gugu/Developer/Personal/justlikethat/fastify-admin/fastify-admin/src/db.ts","statementMap":{"0":{"start":{"line":11,"column":2},"end":{"line":13,"column":null}},"1":{"start":{"line":12,"column":4},"end":{"line":12,"column":null}},"2":{"start":{"line":15,"column":14},"end":{"line":15,"column":null}},"3":{"start":{"line":17,"column":2},"end":{"line":20,"column":null}}},"fnMap":{"0":{"name":"initORM","decl":{"start":{"line":10,"column":22},"end":{"line":10,"column":30}},"loc":{"start":{"line":10,"column":68},"end":{"line":21,"column":null}},"line":10}},"branchMap":{"0":{"loc":{"start":{"line":11,"column":2},"end":{"line":13,"column":null}},"type":"if","locations":[{"start":{"line":11,"column":2},"end":{"line":13,"column":null}},{"start":{},"end":{}}],"line":11}},"s":{"0":0,"1":0,"2":0,"3":0},"f":{"0":0},"b":{"0":[0,0]},"meta":{"lastBranch":1,"lastFunction":1,"lastStatement":4,"seen":{"f:10:22:10:30":0,"b:11:2:13:Infinity:undefined:undefined:undefined:undefined":0,"s:11:2:13:Infinity":0,"s:12:4:12:Infinity":1,"s:15:14:15:Infinity":2,"s:17:2:20:Infinity":3}}}
,"/Users/gugu/Developer/Personal/justlikethat/fastify-admin/fastify-admin/src/entityInterface.ts": {"path":"/Users/gugu/Developer/Personal/justlikethat/fastify-admin/fastify-admin/src/entityInterface.ts","statementMap":{"0":{"start":{"line":8,"column":8},"end":{"line":8,"column":null}},"1":{"start":{"line":9,"column":8},"end":{"line":9,"column":null}},"2":{"start":{"line":13,"column":8},"end":{"line":13,"column":null}},"3":{"start":{"line":16,"column":30},"end":{"line":16,"column":84}},"4":{"start":{"line":19,"column":8},"end":{"line":19,"column":null}},"5":{"start":{"line":23,"column":21},"end":{"line":23,"column":null}},"6":{"start":{"line":24,"column":8},"end":{"line":24,"column":null}},"7":{"start":{"line":25,"column":8},"end":{"line":25,"column":null}},"8":{"start":{"line":29,"column":21},"end":{"line":29,"column":null}},"9":{"start":{"line":30,"column":8},"end":{"line":30,"column":null}},"10":{"start":{"line":30,"column":19},"end":{"line":30,"column":null}},"11":{"start":{"line":31,"column":8},"end":{"line":31,"column":null}},"12":{"start":{"line":32,"column":8},"end":{"line":32,"column":null}},"13":{"start":{"line":33,"column":8},"end":{"line":33,"column":null}},"14":{"start":{"line":37,"column":21},"end":{"line":37,"column":null}},"15":{"start":{"line":38,"column":8},"end":{"line":38,"column":null}},"16":{"start":{"line":38,"column":19},"end":{"line":38,"column":null}},"17":{"start":{"line":39,"column":8},"end":{"line":39,"column":null}},"18":{"start":{"line":40,"column":8},"end":{"line":40,"column":null}}},"fnMap":{"0":{"name":"(anonymous_0)","decl":{"start":{"line":7,"column":4},"end":{"line":7,"column":16}},"loc":{"start":{"line":7,"column":59},"end":{"line":10,"column":null}},"line":7},"1":{"name":"(anonymous_1)","decl":{"start":{"line":12,"column":16},"end":{"line":12,"column":23}},"loc":{"start":{"line":12,"column":23},"end":{"line":14,"column":null}},"line":12},"2":{"name":"(anonymous_2)","decl":{"start":{"line":16,"column":4},"end":{"line":16,"column":28}},"loc":{"start":{"line":16,"column":28},"end":{"line":16,"column":null}},"line":16},"3":{"name":"(anonymous_3)","decl":{"start":{"line":18,"column":4},"end":{"line":18,"column":13}},"loc":{"start":{"line":18,"column":53},"end":{"line":20,"column":null}},"line":18},"4":{"name":"(anonymous_4)","decl":{"start":{"line":22,"column":10},"end":{"line":22,"column":17}},"loc":{"start":{"line":22,"column":47},"end":{"line":26,"column":null}},"line":22},"5":{"name":"(anonymous_5)","decl":{"start":{"line":28,"column":10},"end":{"line":28,"column":17}},"loc":{"start":{"line":28,"column":75},"end":{"line":34,"column":null}},"line":28},"6":{"name":"(anonymous_6)","decl":{"start":{"line":36,"column":10},"end":{"line":36,"column":17}},"loc":{"start":{"line":36,"column":56},"end":{"line":41,"column":null}},"line":36}},"branchMap":{"0":{"loc":{"start":{"line":30,"column":8},"end":{"line":30,"column":null}},"type":"if","locations":[{"start":{"line":30,"column":8},"end":{"line":30,"column":null}},{"start":{},"end":{}}],"line":30},"1":{"loc":{"start":{"line":38,"column":8},"end":{"line":38,"column":null}},"type":"if","locations":[{"start":{"line":38,"column":8},"end":{"line":38,"column":null}},{"start":{},"end":{}}],"line":38}},"s":{"0":3,"1":3,"2":0,"3":0,"4":0,"5":0,"6":0,"7":0,"8":0,"9":0,"10":0,"11":0,"12":0,"13":0,"14":0,"15":0,"16":0,"17":0,"18":0},"f":{"0":3,"1":0,"2":0,"3":0,"4":0,"5":0,"6":0},"b":{"0":[0,0],"1":[0,0]},"meta":{"lastBranch":2,"lastFunction":7,"lastStatement":19,"seen":{"f:7:4:7:16":0,"s:8:8:8:Infinity":0,"s:9:8:9:Infinity":1,"f:12:16:12:23":1,"s:13:8:13:Infinity":2,"f:16:4:16:28":2,"s:16:30:16:84":3,"f:18:4:18:13":3,"s:19:8:19:Infinity":4,"f:22:10:22:17":4,"s:23:21:23:Infinity":5,"s:24:8:24:Infinity":6,"s:25:8:25:Infinity":7,"f:28:10:28:17":5,"s:29:21:29:Infinity":8,"b:30:8:30:Infinity:undefined:undefined:undefined:undefined":0,"s:30:8:30:Infinity":9,"s:30:19:30:Infinity":10,"s:31:8:31:Infinity":11,"s:32:8:32:Infinity":12,"s:33:8:33:Infinity":13,"f:36:10:36:17":6,"s:37:21:37:Infinity":14,"b:38:8:38:Infinity:undefined:undefined:undefined:undefined":1,"s:38:8:38:Infinity":15,"s:38:19:38:Infinity":16,"s:39:8:39:Infinity":17,"s:40:8:40:Infinity":18}}}
,"/Users/gugu/Developer/Personal/justlikethat/fastify-admin/fastify-admin/src/index.ts": {"path":"/Users/gugu/Developer/Personal/justlikethat/fastify-admin/fastify-admin/src/index.ts","statementMap":{},"fnMap":{},"branchMap":{},"s":{},"f":{},"b":{},"meta":{"lastBranch":0,"lastFunction":0,"lastStatement":0,"seen":{}}}
,"/Users/gugu/Developer/Personal/justlikethat/fastify-admin/fastify-admin/src/mikro-orm.config.ts": {"path":"/Users/gugu/Developer/Personal/justlikethat/fastify-admin/fastify-admin/src/mikro-orm.config.ts","statementMap":{},"fnMap":{},"branchMap":{"0":{"loc":{"start":{"line":8,"column":10},"end":{"line":8,"column":null}},"type":"binary-expr","locations":[{"start":{"line":8,"column":10},"end":{"line":8,"column":33}},{"start":{"line":8,"column":33},"end":{"line":8,"column":null}}],"line":8},"1":{"loc":{"start":{"line":9,"column":8},"end":{"line":9,"column":null}},"type":"binary-expr","locations":[{"start":{"line":9,"column":8},"end":{"line":9,"column":31}},{"start":{"line":9,"column":31},"end":{"line":9,"column":null}}],"line":9},"2":{"loc":{"start":{"line":10,"column":17},"end":{"line":10,"column":46}},"type":"binary-expr","locations":[{"start":{"line":10,"column":17},"end":{"line":10,"column":40}},{"start":{"line":10,"column":40},"end":{"line":10,"column":46}}],"line":10},"3":{"loc":{"start":{"line":11,"column":8},"end":{"line":11,"column":null}},"type":"binary-expr","locations":[{"start":{"line":11,"column":8},"end":{"line":11,"column":31}},{"start":{"line":11,"column":31},"end":{"line":11,"column":null}}],"line":11},"4":{"loc":{"start":{"line":12,"column":12},"end":{"line":12,"column":null}},"type":"binary-expr","locations":[{"start":{"line":12,"column":12},"end":{"line":12,"column":39}},{"start":{"line":12,"column":39},"end":{"line":12,"column":null}}],"line":12}},"s":{},"f":{},"b":{"0":[0,0],"1":[0,0],"2":[0,0],"3":[0,0],"4":[0,0]},"meta":{"lastBranch":5,"lastFunction":0,"lastStatement":0,"seen":{"b:8:10:8:33:8:33:8:Infinity":0,"b:9:8:9:31:9:31:9:Infinity":1,"b:10:17:10:40:10:40:10:46":2,"b:11:8:11:31:11:31:11:Infinity":3,"b:12:12:12:39:12:39:12:Infinity":4}}}
,"/Users/gugu/Developer/Personal/justlikethat/fastify-admin/fastify-admin/src/plugin.ts": {"path":"/Users/gugu/Developer/Personal/justlikethat/fastify-admin/fastify-admin/src/plugin.ts","statementMap":{"0":{"start":{"line":20,"column":6},"end":{"line":20,"column":null}},"1":{"start":{"line":34,"column":6},"end":{"line":34,"column":null}},"2":{"start":{"line":38,"column":2},"end":{"line":38,"column":null}},"3":{"start":{"line":39,"column":2},"end":{"line":42,"column":null}},"4":{"start":{"line":46,"column":19},"end":{"line":46,"column":null}},"5":{"start":{"line":49,"column":2},"end":{"line":51,"column":null}},"6":{"start":{"line":50,"column":4},"end":{"line":50,"column":null}},"7":{"start":{"line":54,"column":2},"end":{"line":56,"column":null}},"8":{"start":{"line":55,"column":4},"end":{"line":55,"column":null}},"9":{"start":{"line":58,"column":2},"end":{"line":58,"column":null}},"10":{"start":{"line":62,"column":2},"end":{"line":64,"column":null}},"11":{"start":{"line":63,"column":4},"end":{"line":63,"column":null}},"12":{"start":{"line":66,"column":2},"end":{"line":68,"column":null}},"13":{"start":{"line":67,"column":4},"end":{"line":67,"column":null}},"14":{"start":{"line":74,"column":8},"end":{"line":74,"column":null}},"15":{"start":{"line":75,"column":2},"end":{"line":80,"column":null}},"16":{"start":{"line":76,"column":4},"end":{"line":76,"column":null}},"17":{"start":{"line":77,"column":4},"end":{"line":79,"column":null}},"18":{"start":{"line":78,"column":6},"end":{"line":78,"column":null}},"19":{"start":{"line":84,"column":2},"end":{"line":84,"column":null}},"20":{"start":{"line":88,"column":2},"end":{"line":88,"column":null}},"21":{"start":{"line":89,"column":2},"end":{"line":89,"column":null}},"22":{"start":{"line":93,"column":2},"end":{"line":117,"column":null}},"23":{"start":{"line":94,"column":46},"end":{"line":94,"column":null}},"24":{"start":{"line":95,"column":4},"end":{"line":97,"column":null}},"25":{"start":{"line":96,"column":6},"end":{"line":96,"column":null}},"26":{"start":{"line":98,"column":32},"end":{"line":115,"column":null}},"27":{"start":{"line":116,"column":4},"end":{"line":116,"column":null}},"28":{"start":{"line":121,"column":2},"end":{"line":129,"column":null}},"29":{"start":{"line":122,"column":4},"end":{"line":128,"column":null}},"30":{"start":{"line":127,"column":6},"end":{"line":127,"column":null}},"31":{"start":{"line":133,"column":2},"end":{"line":135,"column":null}},"32":{"start":{"line":134,"column":4},"end":{"line":134,"column":null}},"33":{"start":{"line":134,"column":60},"end":{"line":134,"column":77}},"34":{"start":{"line":137,"column":2},"end":{"line":145,"column":null}},"35":{"start":{"line":138,"column":19},"end":{"line":143,"column":null}},"36":{"start":{"line":140,"column":22},"end":{"line":140,"column":null}},"37":{"start":{"line":141,"column":8},"end":{"line":141,"column":null}},"38":{"start":{"line":144,"column":4},"end":{"line":144,"column":null}},"39":{"start":{"line":147,"column":2},"end":{"line":147,"column":null}},"40":{"start":{"line":150,"column":13},"end":{"line":153,"column":null}}},"fnMap":{"0":{"name":"fastifyAdminPlugin","decl":{"start":{"line":22,"column":15},"end":{"line":22,"column":null}},"loc":{"start":{"line":25,"column":2},"end":{"line":148,"column":null}},"line":25},"1":{"name":"(anonymous_1)","decl":{"start":{"line":62,"column":27},"end":{"line":62,"column":28}},"loc":{"start":{"line":62,"column":55},"end":{"line":64,"column":3}},"line":62},"2":{"name":"(anonymous_2)","decl":{"start":{"line":66,"column":25},"end":{"line":66,"column":37}},"loc":{"start":{"line":66,"column":37},"end":{"line":68,"column":3}},"line":66},"3":{"name":"(anonymous_3)","decl":{"start":{"line":77,"column":27},"end":{"line":77,"column":28}},"loc":{"start":{"line":77,"column":48},"end":{"line":79,"column":5}},"line":77},"4":{"name":"(anonymous_4)","decl":{"start":{"line":93,"column":31},"end":{"line":93,"column":38}},"loc":{"start":{"line":93,"column":54},"end":{"line":117,"column":3}},"line":93},"5":{"name":"(anonymous_5)","decl":{"start":{"line":121,"column":28},"end":{"line":121,"column":35}},"loc":{"start":{"line":121,"column":50},"end":{"line":129,"column":3}},"line":121},"6":{"name":"(anonymous_6)","decl":{"start":{"line":133,"column":27},"end":{"line":133,"column":34}},"loc":{"start":{"line":133,"column":54},"end":{"line":135,"column":3}},"line":133},"7":{"name":"(anonymous_7)","decl":{"start":{"line":134,"column":37},"end":{"line":134,"column":38}},"loc":{"start":{"line":134,"column":60},"end":{"line":134,"column":77}},"line":134},"8":{"name":"(anonymous_8)","decl":{"start":{"line":137,"column":28},"end":{"line":137,"column":35}},"loc":{"start":{"line":137,"column":55},"end":{"line":145,"column":3}},"line":137},"9":{"name":"(anonymous_9)","decl":{"start":{"line":139,"column":28},"end":{"line":139,"column":35}},"loc":{"start":{"line":139,"column":46},"end":{"line":142,"column":7}},"line":139}},"branchMap":{"0":{"loc":{"start":{"line":28,"column":4},"end":{"line":28,"column":null}},"type":"default-arg","locations":[{"start":{"line":28,"column":11},"end":{"line":28,"column":null}}],"line":28},"1":{"loc":{"start":{"line":29,"column":4},"end":{"line":29,"column":null}},"type":"default-arg","locations":[{"start":{"line":29,"column":13},"end":{"line":29,"column":null}}],"line":29},"2":{"loc":{"start":{"line":30,"column":4},"end":{"line":30,"column":null}},"type":"default-arg","locations":[{"start":{"line":30,"column":31},"end":{"line":30,"column":null}}],"line":30},"3":{"loc":{"start":{"line":31,"column":4},"end":{"line":31,"column":null}},"type":"default-arg","locations":[{"start":{"line":31,"column":16},"end":{"line":31,"column":null}}],"line":31},"4":{"loc":{"start":{"line":32,"column":4},"end":{"line":32,"column":null}},"type":"default-arg","locations":[{"start":{"line":32,"column":23},"end":{"line":32,"column":null}}],"line":32},"5":{"loc":{"start":{"line":33,"column":4},"end":{"line":33,"column":null}},"type":"default-arg","locations":[{"start":{"line":33,"column":17},"end":{"line":33,"column":null}}],"line":33},"6":{"loc":{"start":{"line":33,"column":17},"end":{"line":33,"column":null}},"type":"binary-expr","locations":[{"start":{"line":33,"column":17},"end":{"line":33,"column":45}},{"start":{"line":33,"column":45},"end":{"line":33,"column":null}}],"line":33},"7":{"loc":{"start":{"line":40,"column":12},"end":{"line":40,"column":null}},"type":"binary-expr","locations":[{"start":{"line":40,"column":12},"end":{"line":40,"column":38}},{"start":{"line":40,"column":38},"end":{"line":40,"column":null}}],"line":40},"8":{"loc":{"start":{"line":75,"column":2},"end":{"line":80,"column":null}},"type":"if","locations":[{"start":{"line":75,"column":2},"end":{"line":80,"column":null}},{"start":{},"end":{}}],"line":75},"9":{"loc":{"start":{"line":105,"column":10},"end":{"line":105,"column":null}},"type":"binary-expr","locations":[{"start":{"line":105,"column":10},"end":{"line":105,"column":42}},{"start":{"line":105,"column":42},"end":{"line":105,"column":null}}],"line":105},"10":{"loc":{"start":{"line":108,"column":10},"end":{"line":108,"column":null}},"type":"binary-expr","locations":[{"start":{"line":108,"column":10},"end":{"line":108,"column":42}},{"start":{"line":108,"column":42},"end":{"line":108,"column":null}}],"line":108},"11":{"loc":{"start":{"line":111,"column":10},"end":{"line":111,"column":null}},"type":"binary-expr","locations":[{"start":{"line":111,"column":10},"end":{"line":111,"column":45}},{"start":{"line":111,"column":45},"end":{"line":111,"column":null}}],"line":111},"12":{"loc":{"start":{"line":122,"column":4},"end":{"line":128,"column":null}},"type":"if","locations":[{"start":{"line":122,"column":4},"end":{"line":128,"column":null}},{"start":{},"end":{}}],"line":122},"13":{"loc":{"start":{"line":123,"column":6},"end":{"line":125,"column":null}},"type":"binary-expr","locations":[{"start":{"line":123,"column":6},"end":{"line":123,"column":null}},{"start":{"line":124,"column":6},"end":{"line":124,"column":null}},{"start":{"line":125,"column":6},"end":{"line":125,"column":null}}],"line":123}},"s":{"0":1,"1":1,"2":1,"3":1,"4":1,"5":1,"6":3,"7":1,"8":0,"9":1,"10":1,"11":20,"12":1,"13":1,"14":1,"15":1,"16":1,"17":1,"18":0,"19":1,"20":1,"21":1,"22":1,"23":1,"24":1,"25":3,"26":1,"27":1,"28":1,"29":20,"30":2,"31":1,"32":0,"33":0,"34":1,"35":1,"36":3,"37":3,"38":1,"39":1,"40":1},"f":{"0":1,"1":20,"2":1,"3":0,"4":1,"5":20,"6":0,"7":0,"8":1,"9":3},"b":{"0":[1],"1":[1],"2":[1],"3":[1],"4":[1],"5":[1],"6":[1,1],"7":[1,1],"8":[1,0],"9":[1,0],"10":[1,0],"11":[1,0],"12":[2,18],"13":[20,20,3]},"meta":{"lastBranch":14,"lastFunction":10,"lastStatement":41,"seen":{"s:20:6:20:Infinity":0,"f:22:15:22:Infinity":0,"s:34:6:34:Infinity":1,"b:28:11:28:Infinity":0,"b:29:13:29:Infinity":1,"b:30:31:30:Infinity":2,"b:31:16:31:Infinity":3,"b:32:23:32:Infinity":4,"b:33:17:33:Infinity":5,"b:33:17:33:45:33:45:33:Infinity":6,"s:38:2:38:Infinity":2,"s:39:2:42:Infinity":3,"b:40:12:40:38:40:38:40:Infinity":7,"s:46:19:46:Infinity":4,"s:49:2:51:Infinity":5,"s:50:4:50:Infinity":6,"s:54:2:56:Infinity":7,"s:55:4:55:Infinity":8,"s:58:2:58:Infinity":9,"s:62:2:64:Infinity":10,"f:62:27:62:28":1,"s:63:4:63:Infinity":11,"s:66:2:68:Infinity":12,"f:66:25:66:37":2,"s:67:4:67:Infinity":13,"s:74:8:74:Infinity":14,"b:75:2:80:Infinity:undefined:undefined:undefined:undefined":8,"s:75:2:80:Infinity":15,"s:76:4:76:Infinity":16,"s:77:4:79:Infinity":17,"f:77:27:77:28":3,"s:78:6:78:Infinity":18,"s:84:2:84:Infinity":19,"s:88:2:88:Infinity":20,"s:89:2:89:Infinity":21,"s:93:2:117:Infinity":22,"f:93:31:93:38":4,"s:94:46:94:Infinity":23,"s:95:4:97:Infinity":24,"s:96:6:96:Infinity":25,"s:98:32:115:Infinity":26,"b:105:10:105:42:105:42:105:Infinity":9,"b:108:10:108:42:108:42:108:Infinity":10,"b:111:10:111:45:111:45:111:Infinity":11,"s:116:4:116:Infinity":27,"s:121:2:129:Infinity":28,"f:121:28:121:35":5,"b:122:4:128:Infinity:undefined:undefined:undefined:undefined":12,"s:122:4:128:Infinity":29,"b:123:6:123:Infinity:124:6:124:Infinity:125:6:125:Infinity":13,"s:127:6:127:Infinity":30,"s:133:2:135:Infinity":31,"f:133:27:133:34":6,"s:134:4:134:Infinity":32,"f:134:37:134:38":7,"s:134:60:134:77":33,"s:137:2:145:Infinity":34,"f:137:28:137:35":8,"s:138:19:143:Infinity":35,"f:139:28:139:35":9,"s:140:22:140:Infinity":36,"s:141:8:141:Infinity":37,"s:144:4:144:Infinity":38,"s:147:2:147:Infinity":39,"s:150:13:153:Infinity":40}}}
,"/Users/gugu/Developer/Personal/justlikethat/fastify-admin/fastify-admin/src/registry.ts": {"path":"/Users/gugu/Developer/Personal/justlikethat/fastify-admin/fastify-admin/src/registry.ts","statementMap":{"0":{"start":{"line":6,"column":41},"end":{"line":6,"column":null}},"1":{"start":{"line":7,"column":49},"end":{"line":7,"column":null}},"2":{"start":{"line":14,"column":25},"end":{"line":14,"column":null}},"3":{"start":{"line":15,"column":8},"end":{"line":28,"column":null}},"4":{"start":{"line":16,"column":12},"end":{"line":16,"column":null}},"5":{"start":{"line":16,"column":33},"end":{"line":16,"column":null}},"6":{"start":{"line":17,"column":27},"end":{"line":20,"column":null}},"7":{"start":{"line":17,"column":73},"end":{"line":20,"column":14}},"8":{"start":{"line":21,"column":27},"end":{"line":21,"column":null}},"9":{"start":{"line":22,"column":12},"end":{"line":27,"column":null}},"10":{"start":{"line":36,"column":23},"end":{"line":36,"column":null}},"11":{"start":{"line":37,"column":25},"end":{"line":37,"column":null}},"12":{"start":{"line":38,"column":8},"end":{"line":38,"column":null}},"13":{"start":{"line":42,"column":8},"end":{"line":42,"column":null}},"14":{"start":{"line":46,"column":8},"end":{"line":46,"column":null}},"15":{"start":{"line":46,"column":41},"end":{"line":46,"column":56}}},"fnMap":{"0":{"name":"(anonymous_0)","decl":{"start":{"line":13,"column":4},"end":{"line":13,"column":17}},"loc":{"start":{"line":13,"column":32},"end":{"line":29,"column":null}},"line":13},"1":{"name":"(anonymous_1)","decl":{"start":{"line":17,"column":62},"end":{"line":17,"column":63}},"loc":{"start":{"line":17,"column":73},"end":{"line":20,"column":14}},"line":17},"2":{"name":"(anonymous_2)","decl":{"start":{"line":35,"column":4},"end":{"line":35,"column":14}},"loc":{"start":{"line":35,"column":68},"end":{"line":39,"column":null}},"line":35},"3":{"name":"(anonymous_3)","decl":{"start":{"line":41,"column":4},"end":{"line":41,"column":31}},"loc":{"start":{"line":41,"column":31},"end":{"line":43,"column":null}},"line":41},"4":{"name":"(anonymous_4)","decl":{"start":{"line":45,"column":4},"end":{"line":45,"column":8}},"loc":{"start":{"line":45,"column":50},"end":{"line":47,"column":null}},"line":45},"5":{"name":"(anonymous_5)","decl":{"start":{"line":46,"column":34},"end":{"line":46,"column":35}},"loc":{"start":{"line":46,"column":41},"end":{"line":46,"column":56}},"line":46}},"branchMap":{"0":{"loc":{"start":{"line":16,"column":12},"end":{"line":16,"column":null}},"type":"if","locations":[{"start":{"line":16,"column":12},"end":{"line":16,"column":null}},{"start":{},"end":{}}],"line":16},"1":{"loc":{"start":{"line":21,"column":27},"end":{"line":21,"column":null}},"type":"binary-expr","locations":[{"start":{"line":21,"column":27},"end":{"line":21,"column":64}},{"start":{"line":21,"column":64},"end":{"line":21,"column":null}}],"line":21},"2":{"loc":{"start":{"line":36,"column":23},"end":{"line":36,"column":null}},"type":"cond-expr","locations":[{"start":{"line":36,"column":48},"end":{"line":36,"column":70}},{"start":{"line":36,"column":70},"end":{"line":36,"column":null}}],"line":36},"3":{"loc":{"start":{"line":37,"column":25},"end":{"line":37,"column":null}},"type":"binary-expr","locations":[{"start":{"line":37,"column":25},"end":{"line":37,"column":51}},{"start":{"line":37,"column":51},"end":{"line":37,"column":null}}],"line":37}},"s":{"0":1,"1":1,"2":1,"3":1,"4":5,"5":2,"6":3,"7":18,"8":3,"9":5,"10":3,"11":3,"12":3,"13":4,"14":0,"15":0},"f":{"0":1,"1":18,"2":3,"3":4,"4":0,"5":0},"b":{"0":[2,3],"1":[3,0],"2":[0,3],"3":[3,3]},"meta":{"lastBranch":4,"lastFunction":6,"lastStatement":16,"seen":{"s:6:41:6:Infinity":0,"s:7:49:7:Infinity":1,"f:13:4:13:17":0,"s:14:25:14:Infinity":2,"s:15:8:28:Infinity":3,"b:16:12:16:Infinity:undefined:undefined:undefined:undefined":0,"s:16:12:16:Infinity":4,"s:16:33:16:Infinity":5,"s:17:27:20:Infinity":6,"f:17:62:17:63":1,"s:17:73:20:14":7,"s:21:27:21:Infinity":8,"b:21:27:21:64:21:64:21:Infinity":1,"s:22:12:27:Infinity":9,"f:35:4:35:14":2,"s:36:23:36:Infinity":10,"b:36:48:36:70:36:70:36:Infinity":2,"s:37:25:37:Infinity":11,"b:37:25:37:51:37:51:37:Infinity":3,"s:38:8:38:Infinity":12,"f:41:4:41:31":3,"s:42:8:42:Infinity":13,"f:45:4:45:8":4,"s:46:8:46:Infinity":14,"f:46:34:46:35":5,"s:46:41:46:56":15}}}
,"/Users/gugu/Developer/Personal/justlikethat/fastify-admin/fastify-admin/src/seedRbac.ts": {"path":"/Users/gugu/Developer/Personal/justlikethat/fastify-admin/fastify-admin/src/seedRbac.ts","statementMap":{"0":{"start":{"line":6,"column":23},"end":{"line":6,"column":null}},"1":{"start":{"line":9,"column":17},"end":{"line":9,"column":null}},"2":{"start":{"line":11,"column":36},"end":{"line":11,"column":null}},"3":{"start":{"line":12,"column":4},"end":{"line":16,"column":null}},"4":{"start":{"line":13,"column":8},"end":{"line":15,"column":null}},"5":{"start":{"line":14,"column":12},"end":{"line":14,"column":null}},"6":{"start":{"line":18,"column":21},"end":{"line":18,"column":null}},"7":{"start":{"line":19,"column":26},"end":{"line":19,"column":null}},"8":{"start":{"line":19,"column":54},"end":{"line":19,"column":60}},"9":{"start":{"line":21,"column":35},"end":{"line":21,"column":null}},"10":{"start":{"line":22,"column":4},"end":{"line":26,"column":null}},"11":{"start":{"line":23,"column":8},"end":{"line":25,"column":null}},"12":{"start":{"line":24,"column":12},"end":{"line":24,"column":null}},"13":{"start":{"line":27,"column":4},"end":{"line":27,"column":null}},"14":{"start":{"line":27,"column":25},"end":{"line":27,"column":null}},"15":{"start":{"line":29,"column":20},"end":{"line":29,"column":null}},"16":{"start":{"line":30,"column":4},"end":{"line":35,"column":null}},"17":{"start":{"line":31,"column":24},"end":{"line":31,"column":null}},"18":{"start":{"line":32,"column":8},"end":{"line":32,"column":null}},"19":{"start":{"line":33,"column":8},"end":{"line":33,"column":null}},"20":{"start":{"line":34,"column":8},"end":{"line":34,"column":null}},"21":{"start":{"line":37,"column":21},"end":{"line":37,"column":null}},"22":{"start":{"line":38,"column":27},"end":{"line":38,"column":null}},"23":{"start":{"line":38,"column":80},"end":{"line":38,"column":86}},"24":{"start":{"line":39,"column":18},"end":{"line":39,"column":null}},"25":{"start":{"line":39,"column":41},"end":{"line":39,"column":68}},"26":{"start":{"line":40,"column":4},"end":{"line":43,"column":null}},"27":{"start":{"line":41,"column":8},"end":{"line":41,"column":null}},"28":{"start":{"line":41,"column":31},"end":{"line":41,"column":null}},"29":{"start":{"line":42,"column":8},"end":{"line":42,"column":null}},"30":{"start":{"line":45,"column":4},"end":{"line":45,"column":null}}},"fnMap":{"0":{"name":"seedRbac","decl":{"start":{"line":8,"column":22},"end":{"line":8,"column":31}},"loc":{"start":{"line":8,"column":76},"end":{"line":46,"column":null}},"line":8},"1":{"name":"(anonymous_1)","decl":{"start":{"line":19,"column":47},"end":{"line":19,"column":48}},"loc":{"start":{"line":19,"column":54},"end":{"line":19,"column":60}},"line":19},"2":{"name":"(anonymous_2)","decl":{"start":{"line":38,"column":73},"end":{"line":38,"column":74}},"loc":{"start":{"line":38,"column":80},"end":{"line":38,"column":86}},"line":38},"3":{"name":"(anonymous_3)","decl":{"start":{"line":39,"column":34},"end":{"line":39,"column":35}},"loc":{"start":{"line":39,"column":41},"end":{"line":39,"column":68}},"line":39}},"branchMap":{"0":{"loc":{"start":{"line":23,"column":8},"end":{"line":25,"column":null}},"type":"if","locations":[{"start":{"line":23,"column":8},"end":{"line":25,"column":null}},{"start":{},"end":{}}],"line":23},"1":{"loc":{"start":{"line":27,"column":4},"end":{"line":27,"column":null}},"type":"if","locations":[{"start":{"line":27,"column":4},"end":{"line":27,"column":null}},{"start":{},"end":{}}],"line":27},"2":{"loc":{"start":{"line":30,"column":4},"end":{"line":35,"column":null}},"type":"if","locations":[{"start":{"line":30,"column":4},"end":{"line":35,"column":null}},{"start":{},"end":{}}],"line":30},"3":{"loc":{"start":{"line":40,"column":4},"end":{"line":43,"column":null}},"type":"if","locations":[{"start":{"line":40,"column":4},"end":{"line":43,"column":null}},{"start":{},"end":{}}],"line":40}},"s":{"0":1,"1":1,"2":1,"3":1,"4":3,"5":15,"6":1,"7":1,"8":0,"9":1,"10":1,"11":15,"12":15,"13":1,"14":1,"15":1,"16":1,"17":1,"18":1,"19":1,"20":1,"21":1,"22":1,"23":0,"24":1,"25":15,"26":1,"27":1,"28":15,"29":1,"30":1},"f":{"0":1,"1":0,"2":0,"3":15},"b":{"0":[15,0],"1":[1,0],"2":[1,0],"3":[1,0]},"meta":{"lastBranch":4,"lastFunction":4,"lastStatement":31,"seen":{"s:6:23:6:Infinity":0,"f:8:22:8:31":0,"s:9:17:9:Infinity":1,"s:11:36:11:Infinity":2,"s:12:4:16:Infinity":3,"s:13:8:15:Infinity":4,"s:14:12:14:Infinity":5,"s:18:21:18:Infinity":6,"s:19:26:19:Infinity":7,"f:19:47:19:48":1,"s:19:54:19:60":8,"s:21:35:21:Infinity":9,"s:22:4:26:Infinity":10,"b:23:8:25:Infinity:undefined:undefined:undefined:undefined":0,"s:23:8:25:Infinity":11,"s:24:12:24:Infinity":12,"b:27:4:27:Infinity:undefined:undefined:undefined:undefined":1,"s:27:4:27:Infinity":13,"s:27:25:27:Infinity":14,"s:29:20:29:Infinity":15,"b:30:4:35:Infinity:undefined:undefined:undefined:undefined":2,"s:30:4:35:Infinity":16,"s:31:24:31:Infinity":17,"s:32:8:32:Infinity":18,"s:33:8:33:Infinity":19,"s:34:8:34:Infinity":20,"s:37:21:37:Infinity":21,"s:38:27:38:Infinity":22,"f:38:73:38:74":2,"s:38:80:38:86":23,"s:39:18:39:Infinity":24,"f:39:34:39:35":3,"s:39:41:39:68":25,"b:40:4:43:Infinity:undefined:undefined:undefined:undefined":3,"s:40:4:43:Infinity":26,"s:41:8:41:Infinity":27,"s:41:31:41:Infinity":28,"s:42:8:42:Infinity":29,"s:45:4:45:Infinity":30}}}
,"/Users/gugu/Developer/Personal/justlikethat/fastify-admin/fastify-admin/src/types.ts": {"path":"/Users/gugu/Developer/Personal/justlikethat/fastify-admin/fastify-admin/src/types.ts","statementMap":{"0":{"start":{"line":7,"column":43},"end":{"line":13,"column":null}}},"fnMap":{},"branchMap":{},"s":{"0":1},"f":{},"b":{},"meta":{"lastBranch":0,"lastFunction":0,"lastStatement":1,"seen":{"s:7:43:13:Infinity":0}}}
,"/Users/gugu/Developer/Personal/justlikethat/fastify-admin/fastify-admin/src/entities/permission.entity.ts": {"path":"/Users/gugu/Developer/Personal/justlikethat/fastify-admin/fastify-admin/src/entities/permission.entity.ts","statementMap":{"0":{"start":{"line":5,"column":7},"end":{"line":15,"column":null}},"1":{"start":{"line":14,"column":12},"end":{"line":14,"column":null}},"2":{"start":{"line":8,"column":4},"end":{"line":8,"column":null}},"3":{"start":{"line":11,"column":4},"end":{"line":11,"column":null}},"4":{"start":{"line":14,"column":4},"end":{"line":14,"column":12}},"5":{"start":{"line":13,"column":22},"end":{"line":13,"column":28}},"6":{"start":{"line":13,"column":38},"end":{"line":13,"column":56}},"7":{"start":{"line":5,"column":13},"end":{"line":5,"column":24}}},"fnMap":{"0":{"name":"(anonymous_0)","decl":{"start":{"line":13,"column":16},"end":{"line":13,"column":22}},"loc":{"start":{"line":13,"column":22},"end":{"line":13,"column":28}},"line":13},"1":{"name":"(anonymous_1)","decl":{"start":{"line":13,"column":28},"end":{"line":13,"column":29}},"loc":{"start":{"line":13,"column":38},"end":{"line":13,"column":56}},"line":13}},"branchMap":{},"s":{"0":1,"1":15,"2":1,"3":1,"4":1,"5":2,"6":1,"7":1},"f":{"0":2,"1":1},"b":{},"meta":{"lastBranch":0,"lastFunction":2,"lastStatement":8,"seen":{"s:5:7:15:Infinity":0,"s:14:12:14:Infinity":1,"s:8:4:8:Infinity":2,"s:11:4:11:Infinity":3,"s:14:4:14:12":4,"f:13:16:13:22":0,"s:13:22:13:28":5,"f:13:28:13:29":1,"s:13:38:13:56":6,"s:5:13:5:24":7}}}
,"/Users/gugu/Developer/Personal/justlikethat/fastify-admin/fastify-admin/src/entities/role.entity.ts": {"path":"/Users/gugu/Developer/Personal/justlikethat/fastify-admin/fastify-admin/src/entities/role.entity.ts","statementMap":{"0":{"start":{"line":6,"column":7},"end":{"line":19,"column":null}},"1":{"start":{"line":15,"column":12},"end":{"line":15,"column":null}},"2":{"start":{"line":18,"column":18},"end":{"line":18,"column":null}},"3":{"start":{"line":9,"column":4},"end":{"line":9,"column":null}},"4":{"start":{"line":12,"column":4},"end":{"line":12,"column":null}},"5":{"start":{"line":15,"column":4},"end":{"line":15,"column":12}},"6":{"start":{"line":14,"column":22},"end":{"line":14,"column":28}},"7":{"start":{"line":14,"column":38},"end":{"line":14,"column":50}},"8":{"start":{"line":18,"column":4},"end":{"line":18,"column":18}},"9":{"start":{"line":17,"column":22},"end":{"line":17,"column":34}},"10":{"start":{"line":17,"column":50},"end":{"line":17,"column":66}},"11":{"start":{"line":6,"column":13},"end":{"line":6,"column":18}}},"fnMap":{"0":{"name":"(anonymous_0)","decl":{"start":{"line":14,"column":16},"end":{"line":14,"column":22}},"loc":{"start":{"line":14,"column":22},"end":{"line":14,"column":28}},"line":14},"1":{"name":"(anonymous_1)","decl":{"start":{"line":14,"column":28},"end":{"line":14,"column":29}},"loc":{"start":{"line":14,"column":38},"end":{"line":14,"column":50}},"line":14},"2":{"name":"(anonymous_2)","decl":{"start":{"line":17,"column":16},"end":{"line":17,"column":22}},"loc":{"start":{"line":17,"column":22},"end":{"line":17,"column":34}},"line":17},"3":{"name":"(anonymous_3)","decl":{"start":{"line":17,"column":34},"end":{"line":17,"column":35}},"loc":{"start":{"line":17,"column":50},"end":{"line":17,"column":66}},"line":17}},"branchMap":{},"s":{"0":1,"1":1,"2":1,"3":1,"4":1,"5":1,"6":2,"7":1,"8":1,"9":2,"10":1,"11":1},"f":{"0":2,"1":1,"2":2,"3":1},"b":{},"meta":{"lastBranch":0,"lastFunction":4,"lastStatement":12,"seen":{"s:6:7:19:Infinity":0,"s:15:12:15:Infinity":1,"s:18:18:18:Infinity":2,"s:9:4:9:Infinity":3,"s:12:4:12:Infinity":4,"s:15:4:15:12":5,"f:14:16:14:22":0,"s:14:22:14:28":6,"f:14:28:14:29":1,"s:14:38:14:50":7,"s:18:4:18:18":8,"f:17:16:17:22":2,"s:17:22:17:34":9,"f:17:34:17:35":3,"s:17:50:17:66":10,"s:6:13:6:18":11}}}
,"/Users/gugu/Developer/Personal/justlikethat/fastify-admin/fastify-admin/src/entities/user.entity.ts": {"path":"/Users/gugu/Developer/Personal/justlikethat/fastify-admin/fastify-admin/src/entities/user.entity.ts","statementMap":{"0":{"start":{"line":5,"column":7},"end":{"line":41,"column":null}},"1":{"start":{"line":28,"column":26},"end":{"line":28,"column":null}},"2":{"start":{"line":37,"column":10},"end":{"line":37,"column":null}},"3":{"start":{"line":40,"column":12},"end":{"line":40,"column":null}},"4":{"start":{"line":10,"column":4},"end":{"line":10,"column":null}},"5":{"start":{"line":13,"column":4},"end":{"line":13,"column":null}},"6":{"start":{"line":16,"column":4},"end":{"line":16,"column":null}},"7":{"start":{"line":19,"column":4},"end":{"line":19,"column":null}},"8":{"start":{"line":22,"column":4},"end":{"line":22,"column":null}},"9":{"start":{"line":25,"column":4},"end":{"line":25,"column":null}},"10":{"start":{"line":28,"column":4},"end":{"line":28,"column":26}},"11":{"start":{"line":31,"column":4},"end":{"line":31,"column":null}},"12":{"start":{"line":34,"column":4},"end":{"line":34,"column":null}},"13":{"start":{"line":37,"column":4},"end":{"line":37,"column":10}},"14":{"start":{"line":40,"column":4},"end":{"line":40,"column":12}},"15":{"start":{"line":39,"column":22},"end":{"line":39,"column":28}},"16":{"start":{"line":39,"column":38},"end":{"line":39,"column":48}},"17":{"start":{"line":5,"column":13},"end":{"line":5,"column":18}}},"fnMap":{"0":{"name":"(anonymous_0)","decl":{"start":{"line":39,"column":16},"end":{"line":39,"column":22}},"loc":{"start":{"line":39,"column":22},"end":{"line":39,"column":28}},"line":39},"1":{"name":"(anonymous_1)","decl":{"start":{"line":39,"column":28},"end":{"line":39,"column":29}},"loc":{"start":{"line":39,"column":38},"end":{"line":39,"column":48}},"line":39}},"branchMap":{},"s":{"0":1,"1":7,"2":7,"3":7,"4":1,"5":1,"6":1,"7":1,"8":1,"9":1,"10":1,"11":1,"12":1,"13":1,"14":1,"15":2,"16":1,"17":1},"f":{"0":2,"1":1},"b":{},"meta":{"lastBranch":0,"lastFunction":2,"lastStatement":18,"seen":{"s:5:7:41:Infinity":0,"s:28:26:28:Infinity":1,"s:37:10:37:Infinity":2,"s:40:12:40:Infinity":3,"s:10:4:10:Infinity":4,"s:13:4:13:Infinity":5,"s:16:4:16:Infinity":6,"s:19:4:19:Infinity":7,"s:22:4:22:Infinity":8,"s:25:4:25:Infinity":9,"s:28:4:28:26":10,"s:31:4:31:Infinity":11,"s:34:4:34:Infinity":12,"s:37:4:37:10":13,"s:40:4:40:12":14,"f:39:16:39:22":0,"s:39:22:39:28":15,"f:39:28:39:29":1,"s:39:38:39:48":16,"s:5:13:5:18":17}}}
,"/Users/gugu/Developer/Personal/justlikethat/fastify-admin/fastify-admin/src/lib/mailer.ts": {"path":"/Users/gugu/Developer/Personal/justlikethat/fastify-admin/fastify-admin/src/lib/mailer.ts","statementMap":{"0":{"start":{"line":4,"column":4},"end":{"line":11,"column":null}},"1":{"start":{"line":15,"column":17},"end":{"line":15,"column":null}},"2":{"start":{"line":16,"column":24},"end":{"line":16,"column":null}},"3":{"start":{"line":17,"column":4},"end":{"line":30,"column":null}}},"fnMap":{"0":{"name":"createTransport","decl":{"start":{"line":3,"column":9},"end":{"line":3,"column":27}},"loc":{"start":{"line":3,"column":27},"end":{"line":12,"column":null}},"line":3},"1":{"name":"sendMfaCode","decl":{"start":{"line":14,"column":22},"end":{"line":14,"column":34}},"loc":{"start":{"line":14,"column":60},"end":{"line":31,"column":null}},"line":14}},"branchMap":{"0":{"loc":{"start":{"line":5,"column":14},"end":{"line":5,"column":null}},"type":"binary-expr","locations":[{"start":{"line":5,"column":14},"end":{"line":5,"column":39}},{"start":{"line":5,"column":39},"end":{"line":5,"column":null}}],"line":5},"1":{"loc":{"start":{"line":6,"column":21},"end":{"line":6,"column":49}},"type":"binary-expr","locations":[{"start":{"line":6,"column":21},"end":{"line":6,"column":46}},{"start":{"line":6,"column":46},"end":{"line":6,"column":49}}],"line":6},"2":{"loc":{"start":{"line":8,"column":14},"end":{"line":10,"column":null}},"type":"cond-expr","locations":[{"start":{"line":9,"column":14},"end":{"line":9,"column":null}},{"start":{"line":10,"column":14},"end":{"line":10,"column":null}}],"line":8},"3":{"loc":{"start":{"line":15,"column":17},"end":{"line":15,"column":null}},"type":"binary-expr","locations":[{"start":{"line":15,"column":17},"end":{"line":15,"column":42}},{"start":{"line":15,"column":42},"end":{"line":15,"column":null}}],"line":15}},"s":{"0":0,"1":0,"2":0,"3":0},"f":{"0":0,"1":0},"b":{"0":[0,0],"1":[0,0],"2":[0,0],"3":[0,0]},"meta":{"lastBranch":4,"lastFunction":2,"lastStatement":4,"seen":{"f:3:9:3:27":0,"s:4:4:11:Infinity":0,"b:5:14:5:39:5:39:5:Infinity":0,"b:6:21:6:46:6:46:6:49":1,"b:9:14:9:Infinity:10:14:10:Infinity":2,"f:14:22:14:34":1,"s:15:17:15:Infinity":1,"b:15:17:15:42:15:42:15:Infinity":3,"s:16:24:16:Infinity":2,"s:17:4:30:Infinity":3}}}
,"/Users/gugu/Developer/Personal/justlikethat/fastify-admin/fastify-admin/src/lib/password.ts": {"path":"/Users/gugu/Developer/Personal/justlikethat/fastify-admin/fastify-admin/src/lib/password.ts","statementMap":{"0":{"start":{"line":4,"column":6},"end":{"line":4,"column":null}},"1":{"start":{"line":5,"column":15},"end":{"line":5,"column":null}},"2":{"start":{"line":9,"column":10},"end":{"line":9,"column":null}},"3":{"start":{"line":10,"column":18},"end":{"line":10,"column":null}},"4":{"start":{"line":11,"column":4},"end":{"line":11,"column":null}},"5":{"start":{"line":16,"column":21},"end":{"line":16,"column":null}},"6":{"start":{"line":17,"column":4},"end":{"line":17,"column":null}},"7":{"start":{"line":17,"column":25},"end":{"line":17,"column":null}},"8":{"start":{"line":18,"column":20},"end":{"line":18,"column":null}},"9":{"start":{"line":19,"column":20},"end":{"line":19,"column":null}},"10":{"start":{"line":20,"column":4},"end":{"line":20,"column":null}},"11":{"start":{"line":20,"column":27},"end":{"line":20,"column":null}},"12":{"start":{"line":22,"column":24},"end":{"line":22,"column":null}},"13":{"start":{"line":23,"column":23},"end":{"line":23,"column":null}},"14":{"start":{"line":24,"column":4},"end":{"line":24,"column":null}},"15":{"start":{"line":24,"column":43},"end":{"line":24,"column":null}},"16":{"start":{"line":25,"column":4},"end":{"line":25,"column":null}}},"fnMap":{"0":{"name":"hashPassword","decl":{"start":{"line":8,"column":22},"end":{"line":8,"column":35}},"loc":{"start":{"line":8,"column":67},"end":{"line":12,"column":null}},"line":8},"1":{"name":"verifyPassword","decl":{"start":{"line":15,"column":22},"end":{"line":15,"column":37}},"loc":{"start":{"line":15,"column":86},"end":{"line":26,"column":null}},"line":15}},"branchMap":{"0":{"loc":{"start":{"line":17,"column":4},"end":{"line":17,"column":null}},"type":"if","locations":[{"start":{"line":17,"column":4},"end":{"line":17,"column":null}},{"start":{},"end":{}}],"line":17},"1":{"loc":{"start":{"line":20,"column":4},"end":{"line":20,"column":null}},"type":"if","locations":[{"start":{"line":20,"column":4},"end":{"line":20,"column":null}},{"start":{},"end":{}}],"line":20},"2":{"loc":{"start":{"line":20,"column":8},"end":{"line":20,"column":27}},"type":"binary-expr","locations":[{"start":{"line":20,"column":8},"end":{"line":20,"column":17}},{"start":{"line":20,"column":17},"end":{"line":20,"column":27}}],"line":20},"3":{"loc":{"start":{"line":24,"column":4},"end":{"line":24,"column":null}},"type":"if","locations":[{"start":{"line":24,"column":4},"end":{"line":24,"column":null}},{"start":{},"end":{}}],"line":24}},"s":{"0":2,"1":2,"2":12,"3":12,"4":12,"5":8,"6":8,"7":1,"8":7,"9":7,"10":7,"11":0,"12":7,"13":7,"14":7,"15":0,"16":7},"f":{"0":12,"1":8},"b":{"0":[1,7],"1":[0,7],"2":[7,7],"3":[0,7]},"meta":{"lastBranch":4,"lastFunction":2,"lastStatement":17,"seen":{"s:4:6:4:Infinity":0,"s:5:15:5:Infinity":1,"f:8:22:8:35":0,"s:9:10:9:Infinity":2,"s:10:18:10:Infinity":3,"s:11:4:11:Infinity":4,"f:15:22:15:37":1,"s:16:21:16:Infinity":5,"b:17:4:17:Infinity:undefined:undefined:undefined:undefined":0,"s:17:4:17:Infinity":6,"s:17:25:17:Infinity":7,"s:18:20:18:Infinity":8,"s:19:20:19:Infinity":9,"b:20:4:20:Infinity:undefined:undefined:undefined:undefined":1,"s:20:4:20:Infinity":10,"b:20:8:20:17:20:17:20:27":2,"s:20:27:20:Infinity":11,"s:22:24:22:Infinity":12,"s:23:23:23:Infinity":13,"b:24:4:24:Infinity:undefined:undefined:undefined:undefined":3,"s:24:4:24:Infinity":14,"s:24:43:24:Infinity":15,"s:25:4:25:Infinity":16}}}
,"/Users/gugu/Developer/Personal/justlikethat/fastify-admin/fastify-admin/src/routes/auth.ts": {"path":"/Users/gugu/Developer/Personal/justlikethat/fastify-admin/fastify-admin/src/routes/auth.ts","statementMap":{"0":{"start":{"line":24,"column":17},"end":{"line":28,"column":null}},"1":{"start":{"line":29,"column":4},"end":{"line":29,"column":null}},"2":{"start":{"line":29,"column":15},"end":{"line":29,"column":null}},"3":{"start":{"line":30,"column":18},"end":{"line":30,"column":null}},"4":{"start":{"line":31,"column":4},"end":{"line":35,"column":null}},"5":{"start":{"line":32,"column":8},"end":{"line":34,"column":null}},"6":{"start":{"line":33,"column":12},"end":{"line":33,"column":null}},"7":{"start":{"line":36,"column":4},"end":{"line":36,"column":null}},"8":{"start":{"line":45,"column":17},"end":{"line":45,"column":null}},"9":{"start":{"line":46,"column":15},"end":{"line":46,"column":null}},"10":{"start":{"line":48,"column":4},"end":{"line":56,"column":null}},"11":{"start":{"line":49,"column":8},"end":{"line":54,"column":null}},"12":{"start":{"line":55,"column":8},"end":{"line":55,"column":null}},"13":{"start":{"line":58,"column":18},"end":{"line":58,"column":null}},"14":{"start":{"line":59,"column":4},"end":{"line":61,"column":null}},"15":{"start":{"line":69,"column":4},"end":{"line":75,"column":null}},"16":{"start":{"line":70,"column":8},"end":{"line":74,"column":null}},"17":{"start":{"line":77,"column":4},"end":{"line":124,"column":null}},"18":{"start":{"line":78,"column":8},"end":{"line":101,"column":null}},"19":{"start":{"line":79,"column":25},"end":{"line":79,"column":null}},"20":{"start":{"line":80,"column":50},"end":{"line":80,"column":null}},"21":{"start":{"line":81,"column":29},"end":{"line":81,"column":null}},"22":{"start":{"line":82,"column":12},"end":{"line":84,"column":null}},"23":{"start":{"line":83,"column":16},"end":{"line":83,"column":null}},"24":{"start":{"line":85,"column":25},"end":{"line":85,"column":null}},"25":{"start":{"line":87,"column":12},"end":{"line":94,"column":null}},"26":{"start":{"line":88,"column":29},"end":{"line":88,"column":null}},"27":{"start":{"line":89,"column":16},"end":{"line":89,"column":null}},"28":{"start":{"line":90,"column":16},"end":{"line":90,"column":null}},"29":{"start":{"line":91,"column":16},"end":{"line":91,"column":null}},"30":{"start":{"line":92,"column":16},"end":{"line":92,"column":null}},"31":{"start":{"line":93,"column":16},"end":{"line":93,"column":null}},"32":{"start":{"line":96,"column":12},"end":{"line":96,"column":null}},"33":{"start":{"line":97,"column":26},"end":{"line":97,"column":null}},"34":{"start":{"line":98,"column":12},"end":{"line":100,"column":null}},"35":{"start":{"line":103,"column":8},"end":{"line":123,"column":null}},"36":{"start":{"line":104,"column":25},"end":{"line":104,"column":null}},"37":{"start":{"line":105,"column":36},"end":{"line":105,"column":null}},"38":{"start":{"line":106,"column":25},"end":{"line":106,"column":null}},"39":{"start":{"line":107,"column":12},"end":{"line":109,"column":null}},"40":{"start":{"line":108,"column":16},"end":{"line":108,"column":null}},"41":{"start":{"line":110,"column":12},"end":{"line":112,"column":null}},"42":{"start":{"line":111,"column":16},"end":{"line":111,"column":null}},"43":{"start":{"line":113,"column":12},"end":{"line":115,"column":null}},"44":{"start":{"line":114,"column":16},"end":{"line":114,"column":null}},"45":{"start":{"line":116,"column":12},"end":{"line":116,"column":null}},"46":{"start":{"line":117,"column":12},"end":{"line":117,"column":null}},"47":{"start":{"line":118,"column":12},"end":{"line":118,"column":null}},"48":{"start":{"line":119,"column":26},"end":{"line":119,"column":null}},"49":{"start":{"line":120,"column":12},"end":{"line":122,"column":null}},"50":{"start":{"line":126,"column":4},"end":{"line":145,"column":null}},"51":{"start":{"line":127,"column":21},"end":{"line":127,"column":null}},"52":{"start":{"line":128,"column":36},"end":{"line":128,"column":null}},"53":{"start":{"line":129,"column":21},"end":{"line":129,"column":null}},"54":{"start":{"line":130,"column":8},"end":{"line":132,"column":null}},"55":{"start":{"line":131,"column":12},"end":{"line":131,"column":null}},"56":{"start":{"line":133,"column":8},"end":{"line":140,"column":null}},"57":{"start":{"line":134,"column":25},"end":{"line":134,"column":null}},"58":{"start":{"line":135,"column":12},"end":{"line":135,"column":null}},"59":{"start":{"line":136,"column":12},"end":{"line":136,"column":null}},"60":{"start":{"line":137,"column":12},"end":{"line":137,"column":null}},"61":{"start":{"line":138,"column":12},"end":{"line":138,"column":null}},"62":{"start":{"line":139,"column":12},"end":{"line":139,"column":null}},"63":{"start":{"line":141,"column":22},"end":{"line":141,"column":null}},"64":{"start":{"line":142,"column":8},"end":{"line":144,"column":null}},"65":{"start":{"line":147,"column":4},"end":{"line":170,"column":null}},"66":{"start":{"line":148,"column":21},"end":{"line":148,"column":null}},"67":{"start":{"line":149,"column":33},"end":{"line":149,"column":null}},"68":{"start":{"line":150,"column":21},"end":{"line":150,"column":null}},"69":{"start":{"line":151,"column":8},"end":{"line":153,"column":null}},"70":{"start":{"line":152,"column":12},"end":{"line":152,"column":null}},"71":{"start":{"line":154,"column":8},"end":{"line":159,"column":null}},"72":{"start":{"line":155,"column":12},"end":{"line":155,"column":null}},"73":{"start":{"line":156,"column":12},"end":{"line":156,"column":null}},"74":{"start":{"line":157,"column":12},"end":{"line":157,"column":null}},"75":{"start":{"line":158,"column":12},"end":{"line":158,"column":null}},"76":{"start":{"line":160,"column":8},"end":{"line":162,"column":null}},"77":{"start":{"line":161,"column":12},"end":{"line":161,"column":null}},"78":{"start":{"line":163,"column":8},"end":{"line":163,"column":null}},"79":{"start":{"line":164,"column":8},"end":{"line":164,"column":null}},"80":{"start":{"line":165,"column":8},"end":{"line":165,"column":null}},"81":{"start":{"line":166,"column":22},"end":{"line":166,"column":null}},"82":{"start":{"line":167,"column":8},"end":{"line":169,"column":null}},"83":{"start":{"line":172,"column":4},"end":{"line":174,"column":null}},"84":{"start":{"line":173,"column":8},"end":{"line":173,"column":null}},"85":{"start":{"line":176,"column":4},"end":{"line":196,"column":null}},"86":{"start":{"line":177,"column":8},"end":{"line":181,"column":null}},"87":{"start":{"line":178,"column":12},"end":{"line":178,"column":null}},"88":{"start":{"line":180,"column":12},"end":{"line":180,"column":null}},"89":{"start":{"line":182,"column":21},"end":{"line":182,"column":null}},"90":{"start":{"line":183,"column":21},"end":{"line":183,"column":null}},"91":{"start":{"line":184,"column":8},"end":{"line":184,"column":null}},"92":{"start":{"line":184,"column":19},"end":{"line":184,"column":null}},"93":{"start":{"line":185,"column":28},"end":{"line":185,"column":null}},"94":{"start":{"line":186,"column":8},"end":{"line":195,"column":null}},"95":{"start":{"line":198,"column":4},"end":{"line":211,"column":null}},"96":{"start":{"line":199,"column":8},"end":{"line":203,"column":null}},"97":{"start":{"line":200,"column":12},"end":{"line":200,"column":null}},"98":{"start":{"line":202,"column":12},"end":{"line":202,"column":null}},"99":{"start":{"line":204,"column":21},"end":{"line":204,"column":null}},"100":{"start":{"line":205,"column":21},"end":{"line":205,"column":null}},"101":{"start":{"line":206,"column":8},"end":{"line":206,"column":null}},"102":{"start":{"line":206,"column":19},"end":{"line":206,"column":null}},"103":{"start":{"line":207,"column":8},"end":{"line":207,"column":null}},"104":{"start":{"line":208,"column":8},"end":{"line":208,"column":null}},"105":{"start":{"line":209,"column":8},"end":{"line":209,"column":null}},"106":{"start":{"line":210,"column":8},"end":{"line":210,"column":null}},"107":{"start":{"line":213,"column":4},"end":{"line":230,"column":null}},"108":{"start":{"line":214,"column":8},"end":{"line":218,"column":null}},"109":{"start":{"line":215,"column":12},"end":{"line":215,"column":null}},"110":{"start":{"line":217,"column":12},"end":{"line":217,"column":null}},"111":{"start":{"line":219,"column":21},"end":{"line":219,"column":null}},"112":{"start":{"line":220,"column":21},"end":{"line":220,"column":null}},"113":{"start":{"line":221,"column":8},"end":{"line":221,"column":null}},"114":{"start":{"line":221,"column":19},"end":{"line":221,"column":null}},"115":{"start":{"line":222,"column":8},"end":{"line":226,"column":null}},"116":{"start":{"line":223,"column":12},"end":{"line":225,"column":null}},"117":{"start":{"line":224,"column":16},"end":{"line":224,"column":null}},"118":{"start":{"line":227,"column":8},"end":{"line":227,"column":null}},"119":{"start":{"line":228,"column":8},"end":{"line":228,"column":null}},"120":{"start":{"line":229,"column":8},"end":{"line":229,"column":null}},"121":{"start":{"line":232,"column":4},"end":{"line":248,"column":null}},"122":{"start":{"line":233,"column":8},"end":{"line":237,"column":null}},"123":{"start":{"line":234,"column":12},"end":{"line":234,"column":null}},"124":{"start":{"line":236,"column":12},"end":{"line":236,"column":null}},"125":{"start":{"line":238,"column":21},"end":{"line":238,"column":null}},"126":{"start":{"line":239,"column":21},"end":{"line":239,"column":null}},"127":{"start":{"line":240,"column":8},"end":{"line":240,"column":null}},"128":{"start":{"line":240,"column":19},"end":{"line":240,"column":null}},"129":{"start":{"line":241,"column":8},"end":{"line":241,"column":null}},"130":{"start":{"line":242,"column":8},"end":{"line":245,"column":null}},"131":{"start":{"line":243,"column":12},"end":{"line":243,"column":null}},"132":{"start":{"line":244,"column":12},"end":{"line":244,"column":null}},"133":{"start":{"line":246,"column":8},"end":{"line":246,"column":null}},"134":{"start":{"line":247,"column":8},"end":{"line":247,"column":null}},"135":{"start":{"line":252,"column":4},"end":{"line":277,"column":null}},"136":{"start":{"line":253,"column":8},"end":{"line":267,"column":null}},"137":{"start":{"line":269,"column":8},"end":{"line":276,"column":null}},"138":{"start":{"line":270,"column":26},"end":{"line":270,"column":null}},"139":{"start":{"line":271,"column":24},"end":{"line":273,"column":null}},"140":{"start":{"line":274,"column":28},"end":{"line":274,"column":null}},"141":{"start":{"line":275,"column":12},"end":{"line":275,"column":null}},"142":{"start":{"line":279,"column":4},"end":{"line":309,"column":null}},"143":{"start":{"line":280,"column":8},"end":{"line":294,"column":null}},"144":{"start":{"line":296,"column":8},"end":{"line":308,"column":null}},"145":{"start":{"line":297,"column":26},"end":{"line":297,"column":null}},"146":{"start":{"line":298,"column":28},"end":{"line":298,"column":null}},"147":{"start":{"line":299,"column":41},"end":{"line":302,"column":null}},"148":{"start":{"line":303,"column":25},"end":{"line":303,"column":null}},"149":{"start":{"line":304,"column":27},"end":{"line":304,"column":null}},"150":{"start":{"line":305,"column":33},"end":{"line":305,"column":null}},"151":{"start":{"line":306,"column":12},"end":{"line":306,"column":null}},"152":{"start":{"line":306,"column":31},"end":{"line":306,"column":null}},"153":{"start":{"line":307,"column":12},"end":{"line":307,"column":null}},"154":{"start":{"line":311,"column":4},"end":{"line":337,"column":null}},"155":{"start":{"line":312,"column":8},"end":{"line":326,"column":null}},"156":{"start":{"line":328,"column":8},"end":{"line":336,"column":null}},"157":{"start":{"line":329,"column":26},"end":{"line":329,"column":null}},"158":{"start":{"line":330,"column":24},"end":{"line":332,"column":null}},"159":{"start":{"line":333,"column":28},"end":{"line":333,"column":null}},"160":{"start":{"line":334,"column":26},"end":{"line":334,"column":null}},"161":{"start":{"line":335,"column":12},"end":{"line":335,"column":null}},"162":{"start":{"line":341,"column":4},"end":{"line":345,"column":null}},"163":{"start":{"line":342,"column":8},"end":{"line":342,"column":null}},"164":{"start":{"line":344,"column":8},"end":{"line":344,"column":null}}},"fnMap":{"0":{"name":"loadPermissions","decl":{"start":{"line":23,"column":15},"end":{"line":23,"column":31}},"loc":{"start":{"line":23,"column":85},"end":{"line":37,"column":null}},"line":23},"1":{"name":"loginOrCreateOAuthUser","decl":{"start":{"line":39,"column":15},"end":{"line":39,"column":null}},"loc":{"start":{"line":44,"column":2},"end":{"line":62,"column":null}},"line":44},"2":{"name":"registerAuthRoutes","decl":{"start":{"line":64,"column":22},"end":{"line":64,"column":null}},"loc":{"start":{"line":68,"column":2},"end":{"line":249,"column":null}},"line":68},"3":{"name":"(anonymous_3)","decl":{"start":{"line":69,"column":35},"end":{"line":69,"column":42}},"loc":{"start":{"line":69,"column":58},"end":{"line":75,"column":5}},"line":69},"4":{"name":"(anonymous_4)","decl":{"start":{"line":78,"column":121},"end":{"line":78,"column":128}},"loc":{"start":{"line":78,"column":143},"end":{"line":101,"column":9}},"line":78},"5":{"name":"(anonymous_5)","decl":{"start":{"line":103,"column":87},"end":{"line":103,"column":94}},"loc":{"start":{"line":103,"column":109},"end":{"line":123,"column":9}},"line":103},"6":{"name":"(anonymous_6)","decl":{"start":{"line":126,"column":79},"end":{"line":126,"column":86}},"loc":{"start":{"line":126,"column":101},"end":{"line":145,"column":5}},"line":126},"7":{"name":"(anonymous_7)","decl":{"start":{"line":147,"column":81},"end":{"line":147,"column":88}},"loc":{"start":{"line":147,"column":103},"end":{"line":170,"column":5}},"line":147},"8":{"name":"(anonymous_8)","decl":{"start":{"line":172,"column":33},"end":{"line":172,"column":40}},"loc":{"start":{"line":172,"column":56},"end":{"line":174,"column":5}},"line":172},"9":{"name":"(anonymous_9)","decl":{"start":{"line":176,"column":28},"end":{"line":176,"column":35}},"loc":{"start":{"line":176,"column":50},"end":{"line":196,"column":5}},"line":176},"10":{"name":"(anonymous_10)","decl":{"start":{"line":198,"column":79},"end":{"line":198,"column":86}},"loc":{"start":{"line":198,"column":101},"end":{"line":211,"column":5}},"line":198},"11":{"name":"(anonymous_11)","decl":{"start":{"line":213,"column":95},"end":{"line":213,"column":102}},"loc":{"start":{"line":213,"column":117},"end":{"line":230,"column":5}},"line":213},"12":{"name":"(anonymous_12)","decl":{"start":{"line":232,"column":61},"end":{"line":232,"column":68}},"loc":{"start":{"line":232,"column":83},"end":{"line":248,"column":5}},"line":232},"13":{"name":"registerOAuthRoutes","decl":{"start":{"line":251,"column":22},"end":{"line":251,"column":42}},"loc":{"start":{"line":251,"column":100},"end":{"line":338,"column":null}},"line":251},"14":{"name":"(anonymous_14)","decl":{"start":{"line":269,"column":45},"end":{"line":269,"column":52}},"loc":{"start":{"line":269,"column":67},"end":{"line":276,"column":9}},"line":269},"15":{"name":"(anonymous_15)","decl":{"start":{"line":296,"column":45},"end":{"line":296,"column":52}},"loc":{"start":{"line":296,"column":67},"end":{"line":308,"column":9}},"line":296},"16":{"name":"(anonymous_16)","decl":{"start":{"line":328,"column":48},"end":{"line":328,"column":55}},"loc":{"start":{"line":328,"column":70},"end":{"line":336,"column":9}},"line":328},"17":{"name":"requireAuth","decl":{"start":{"line":340,"column":22},"end":{"line":340,"column":34}},"loc":{"start":{"line":340,"column":67},"end":{"line":346,"column":null}},"line":340}},"branchMap":{"0":{"loc":{"start":{"line":29,"column":4},"end":{"line":29,"column":null}},"type":"if","locations":[{"start":{"line":29,"column":4},"end":{"line":29,"column":null}},{"start":{},"end":{}}],"line":29},"1":{"loc":{"start":{"line":48,"column":4},"end":{"line":56,"column":null}},"type":"if","locations":[{"start":{"line":48,"column":4},"end":{"line":56,"column":null}},{"start":{},"end":{}}],"line":48},"2":{"loc":{"start":{"line":67,"column":4},"end":{"line":67,"column":null}},"type":"default-arg","locations":[{"start":{"line":67,"column":67},"end":{"line":67,"column":null}}],"line":67},"3":{"loc":{"start":{"line":71,"column":23},"end":{"line":71,"column":null}},"type":"binary-expr","locations":[{"start":{"line":71,"column":23},"end":{"line":71,"column":55}},{"start":{"line":71,"column":55},"end":{"line":71,"column":null}}],"line":71},"4":{"loc":{"start":{"line":72,"column":23},"end":{"line":72,"column":null}},"type":"binary-expr","locations":[{"start":{"line":72,"column":23},"end":{"line":72,"column":55}},{"start":{"line":72,"column":55},"end":{"line":72,"column":null}}],"line":72},"5":{"loc":{"start":{"line":73,"column":26},"end":{"line":73,"column":null}},"type":"binary-expr","locations":[{"start":{"line":73,"column":26},"end":{"line":73,"column":61}},{"start":{"line":73,"column":61},"end":{"line":73,"column":null}}],"line":73},"6":{"loc":{"start":{"line":77,"column":4},"end":{"line":124,"column":null}},"type":"if","locations":[{"start":{"line":77,"column":4},"end":{"line":124,"column":null}},{"start":{},"end":{}}],"line":77},"7":{"loc":{"start":{"line":82,"column":12},"end":{"line":84,"column":null}},"type":"if","locations":[{"start":{"line":82,"column":12},"end":{"line":84,"column":null}},{"start":{},"end":{}}],"line":82},"8":{"loc":{"start":{"line":87,"column":12},"end":{"line":94,"column":null}},"type":"if","locations":[{"start":{"line":87,"column":12},"end":{"line":94,"column":null}},{"start":{},"end":{}}],"line":87},"9":{"loc":{"start":{"line":107,"column":12},"end":{"line":109,"column":null}},"type":"if","locations":[{"start":{"line":107,"column":12},"end":{"line":109,"column":null}},{"start":{},"end":{}}],"line":107},"10":{"loc":{"start":{"line":107,"column":16},"end":{"line":107,"column":66}},"type":"binary-expr","locations":[{"start":{"line":107,"column":16},"end":{"line":107,"column":25}},{"start":{"line":107,"column":25},"end":{"line":107,"column":42}},{"start":{"line":107,"column":42},"end":{"line":107,"column":66}}],"line":107},"11":{"loc":{"start":{"line":110,"column":12},"end":{"line":112,"column":null}},"type":"if","locations":[{"start":{"line":110,"column":12},"end":{"line":112,"column":null}},{"start":{},"end":{}}],"line":110},"12":{"loc":{"start":{"line":113,"column":12},"end":{"line":115,"column":null}},"type":"if","locations":[{"start":{"line":113,"column":12},"end":{"line":115,"column":null}},{"start":{},"end":{}}],"line":113},"13":{"loc":{"start":{"line":130,"column":8},"end":{"line":132,"column":null}},"type":"if","locations":[{"start":{"line":130,"column":8},"end":{"line":132,"column":null}},{"start":{},"end":{}}],"line":130},"14":{"loc":{"start":{"line":130,"column":12},"end":{"line":130,"column":89}},"type":"binary-expr","locations":[{"start":{"line":130,"column":12},"end":{"line":130,"column":21}},{"start":{"line":130,"column":21},"end":{"line":130,"column":39}},{"start":{"line":130,"column":39},"end":{"line":130,"column":89}}],"line":130},"15":{"loc":{"start":{"line":133,"column":8},"end":{"line":140,"column":null}},"type":"if","locations":[{"start":{"line":133,"column":8},"end":{"line":140,"column":null}},{"start":{},"end":{}}],"line":133},"16":{"loc":{"start":{"line":151,"column":8},"end":{"line":153,"column":null}},"type":"if","locations":[{"start":{"line":151,"column":8},"end":{"line":153,"column":null}},{"start":{},"end":{}}],"line":151},"17":{"loc":{"start":{"line":151,"column":12},"end":{"line":151,"column":62}},"type":"binary-expr","locations":[{"start":{"line":151,"column":12},"end":{"line":151,"column":21}},{"start":{"line":151,"column":21},"end":{"line":151,"column":38}},{"start":{"line":151,"column":38},"end":{"line":151,"column":62}}],"line":151},"18":{"loc":{"start":{"line":154,"column":8},"end":{"line":159,"column":null}},"type":"if","locations":[{"start":{"line":154,"column":8},"end":{"line":159,"column":null}},{"start":{},"end":{}}],"line":154},"19":{"loc":{"start":{"line":160,"column":8},"end":{"line":162,"column":null}},"type":"if","locations":[{"start":{"line":160,"column":8},"end":{"line":162,"column":null}},{"start":{},"end":{}}],"line":160},"20":{"loc":{"start":{"line":184,"column":8},"end":{"line":184,"column":null}},"type":"if","locations":[{"start":{"line":184,"column":8},"end":{"line":184,"column":null}},{"start":{},"end":{}}],"line":184},"21":{"loc":{"start":{"line":193,"column":27},"end":{"line":193,"column":null}},"type":"binary-expr","locations":[{"start":{"line":193,"column":27},"end":{"line":193,"column":49}},{"start":{"line":193,"column":49},"end":{"line":193,"column":null}}],"line":193},"22":{"loc":{"start":{"line":206,"column":8},"end":{"line":206,"column":null}},"type":"if","locations":[{"start":{"line":206,"column":8},"end":{"line":206,"column":null}},{"start":{},"end":{}}],"line":206},"23":{"loc":{"start":{"line":207,"column":24},"end":{"line":207,"column":null}},"type":"binary-expr","locations":[{"start":{"line":207,"column":24},"end":{"line":207,"column":45}},{"start":{"line":207,"column":45},"end":{"line":207,"column":null}}],"line":207},"24":{"loc":{"start":{"line":208,"column":19},"end":{"line":208,"column":null}},"type":"binary-expr","locations":[{"start":{"line":208,"column":19},"end":{"line":208,"column":35}},{"start":{"line":208,"column":35},"end":{"line":208,"column":null}}],"line":208},"25":{"loc":{"start":{"line":221,"column":8},"end":{"line":221,"column":null}},"type":"if","locations":[{"start":{"line":221,"column":8},"end":{"line":221,"column":null}},{"start":{},"end":{}}],"line":221},"26":{"loc":{"start":{"line":222,"column":8},"end":{"line":226,"column":null}},"type":"if","locations":[{"start":{"line":222,"column":8},"end":{"line":226,"column":null}},{"start":{},"end":{}}],"line":222},"27":{"loc":{"start":{"line":223,"column":12},"end":{"line":225,"column":null}},"type":"if","locations":[{"start":{"line":223,"column":12},"end":{"line":225,"column":null}},{"start":{},"end":{}}],"line":223},"28":{"loc":{"start":{"line":223,"column":16},"end":{"line":223,"column":111}},"type":"binary-expr","locations":[{"start":{"line":223,"column":16},"end":{"line":223,"column":45}},{"start":{"line":223,"column":45},"end":{"line":223,"column":111}}],"line":223},"29":{"loc":{"start":{"line":240,"column":8},"end":{"line":240,"column":null}},"type":"if","locations":[{"start":{"line":240,"column":8},"end":{"line":240,"column":null}},{"start":{},"end":{}}],"line":240},"30":{"loc":{"start":{"line":242,"column":8},"end":{"line":245,"column":null}},"type":"if","locations":[{"start":{"line":242,"column":8},"end":{"line":245,"column":null}},{"start":{},"end":{}}],"line":242},"31":{"loc":{"start":{"line":252,"column":4},"end":{"line":277,"column":null}},"type":"if","locations":[{"start":{"line":252,"column":4},"end":{"line":277,"column":null}},{"start":{},"end":{}}],"line":252},"32":{"loc":{"start":{"line":252,"column":8},"end":{"line":252,"column":74}},"type":"binary-expr","locations":[{"start":{"line":252,"column":8},"end":{"line":252,"column":40}},{"start":{"line":252,"column":40},"end":{"line":252,"column":74}}],"line":252},"33":{"loc":{"start":{"line":279,"column":4},"end":{"line":309,"column":null}},"type":"if","locations":[{"start":{"line":279,"column":4},"end":{"line":309,"column":null}},{"start":{},"end":{}}],"line":279},"34":{"loc":{"start":{"line":279,"column":8},"end":{"line":279,"column":74}},"type":"binary-expr","locations":[{"start":{"line":279,"column":8},"end":{"line":279,"column":40}},{"start":{"line":279,"column":40},"end":{"line":279,"column":74}}],"line":279},"35":{"loc":{"start":{"line":305,"column":33},"end":{"line":305,"column":null}},"type":"binary-expr","locations":[{"start":{"line":305,"column":33},"end":{"line":305,"column":47}},{"start":{"line":305,"column":47},"end":{"line":305,"column":99}},{"start":{"line":305,"column":99},"end":{"line":305,"column":null}}],"line":305},"36":{"loc":{"start":{"line":306,"column":12},"end":{"line":306,"column":null}},"type":"if","locations":[{"start":{"line":306,"column":12},"end":{"line":306,"column":null}},{"start":{},"end":{}}],"line":306},"37":{"loc":{"start":{"line":307,"column":83},"end":{"line":307,"column":110}},"type":"binary-expr","locations":[{"start":{"line":307,"column":83},"end":{"line":307,"column":96}},{"start":{"line":307,"column":96},"end":{"line":307,"column":110}}],"line":307},"38":{"loc":{"start":{"line":311,"column":4},"end":{"line":337,"column":null}},"type":"if","locations":[{"start":{"line":311,"column":4},"end":{"line":337,"column":null}},{"start":{},"end":{}}],"line":311},"39":{"loc":{"start":{"line":311,"column":8},"end":{"line":311,"column":80}},"type":"binary-expr","locations":[{"start":{"line":311,"column":8},"end":{"line":311,"column":43}},{"start":{"line":311,"column":43},"end":{"line":311,"column":80}}],"line":311},"40":{"loc":{"start":{"line":334,"column":26},"end":{"line":334,"column":null}},"type":"binary-expr","locations":[{"start":{"line":334,"column":26},"end":{"line":334,"column":42}},{"start":{"line":334,"column":42},"end":{"line":334,"column":null}}],"line":334}},"s":{"0":1,"1":1,"2":0,"3":1,"4":1,"5":0,"6":0,"7":1,"8":0,"9":0,"10":0,"11":0,"12":0,"13":0,"14":0,"15":1,"16":0,"17":1,"18":1,"19":8,"20":8,"21":8,"22":8,"23":1,"24":7,"25":7,"26":0,"27":0,"28":0,"29":0,"30":0,"31":0,"32":7,"33":7,"34":7,"35":1,"36":0,"37":0,"38":0,"39":0,"40":0,"41":0,"42":0,"43":0,"44":0,"45":0,"46":0,"47":0,"48":0,"49":0,"50":1,"51":6,"52":6,"53":6,"54":6,"55":2,"56":4,"57":0,"58":0,"59":0,"60":0,"61":0,"62":0,"63":4,"64":4,"65":1,"66":0,"67":0,"68":0,"69":0,"70":0,"71":0,"72":0,"73":0,"74":0,"75":0,"76":0,"77":0,"78":0,"79":0,"80":0,"81":0,"82":0,"83":1,"84":1,"85":1,"86":2,"87":2,"88":1,"89":1,"90":1,"91":1,"92":0,"93":1,"94":1,"95":1,"96":0,"97":0,"98":0,"99":0,"100":0,"101":0,"102":0,"103":0,"104":0,"105":0,"106":0,"107":1,"108":0,"109":0,"110":0,"111":0,"112":0,"113":0,"114":0,"115":0,"116":0,"117":0,"118":0,"119":0,"120":0,"121":1,"122":0,"123":0,"124":0,"125":0,"126":0,"127":0,"128":0,"129":0,"130":0,"131":0,"132":0,"133":0,"134":0,"135":1,"136":0,"137":0,"138":0,"139":0,"140":0,"141":0,"142":1,"143":0,"144":0,"145":0,"146":0,"147":0,"148":0,"149":0,"150":0,"151":0,"152":0,"153":0,"154":1,"155":0,"156":0,"157":0,"158":0,"159":0,"160":0,"161":0,"162":2,"163":2,"164":1},"f":{"0":1,"1":0,"2":1,"3":0,"4":8,"5":0,"6":6,"7":0,"8":1,"9":2,"10":0,"11":0,"12":0,"13":1,"14":0,"15":0,"16":0,"17":2},"b":{"0":[0,1],"1":[0,0],"2":[1],"3":[0,0],"4":[0,0],"5":[0,0],"6":[1,0],"7":[1,7],"8":[0,7],"9":[0,0],"10":[0,0,0],"11":[0,0],"12":[0,0],"13":[2,4],"14":[6,5,5],"15":[0,4],"16":[0,0],"17":[0,0,0],"18":[0,0],"19":[0,0],"20":[0,1],"21":[1,1],"22":[0,0],"23":[0,0],"24":[0,0],"25":[0,0],"26":[0,0],"27":[0,0],"28":[0,0],"29":[0,0],"30":[0,0],"31":[0,1],"32":[1,0],"33":[0,1],"34":[1,0],"35":[0,0,0],"36":[0,0],"37":[0,0],"38":[0,1],"39":[1,0],"40":[0,0]},"meta":{"lastBranch":41,"lastFunction":18,"lastStatement":165,"seen":{"f:23:15:23:31":0,"s:24:17:28:Infinity":0,"b:29:4:29:Infinity:undefined:undefined:undefined:undefined":0,"s:29:4:29:Infinity":1,"s:29:15:29:Infinity":2,"s:30:18:30:Infinity":3,"s:31:4:35:Infinity":4,"s:32:8:34:Infinity":5,"s:33:12:33:Infinity":6,"s:36:4:36:Infinity":7,"f:39:15:39:Infinity":1,"s:45:17:45:Infinity":8,"s:46:15:46:Infinity":9,"b:48:4:56:Infinity:undefined:undefined:undefined:undefined":1,"s:48:4:56:Infinity":10,"s:49:8:54:Infinity":11,"s:55:8:55:Infinity":12,"s:58:18:58:Infinity":13,"s:59:4:61:Infinity":14,"f:64:22:64:Infinity":2,"b:67:67:67:Infinity":2,"s:69:4:75:Infinity":15,"f:69:35:69:42":3,"s:70:8:74:Infinity":16,"b:71:23:71:55:71:55:71:Infinity":3,"b:72:23:72:55:72:55:72:Infinity":4,"b:73:26:73:61:73:61:73:Infinity":5,"b:77:4:124:Infinity:undefined:undefined:undefined:undefined":6,"s:77:4:124:Infinity":17,"s:78:8:101:Infinity":18,"f:78:121:78:128":4,"s:79:25:79:Infinity":19,"s:80:50:80:Infinity":20,"s:81:29:81:Infinity":21,"b:82:12:84:Infinity:undefined:undefined:undefined:undefined":7,"s:82:12:84:Infinity":22,"s:83:16:83:Infinity":23,"s:85:25:85:Infinity":24,"b:87:12:94:Infinity:undefined:undefined:undefined:undefined":8,"s:87:12:94:Infinity":25,"s:88:29:88:Infinity":26,"s:89:16:89:Infinity":27,"s:90:16:90:Infinity":28,"s:91:16:91:Infinity":29,"s:92:16:92:Infinity":30,"s:93:16:93:Infinity":31,"s:96:12:96:Infinity":32,"s:97:26:97:Infinity":33,"s:98:12:100:Infinity":34,"s:103:8:123:Infinity":35,"f:103:87:103:94":5,"s:104:25:104:Infinity":36,"s:105:36:105:Infinity":37,"s:106:25:106:Infinity":38,"b:107:12:109:Infinity:undefined:undefined:undefined:undefined":9,"s:107:12:109:Infinity":39,"b:107:16:107:25:107:25:107:42:107:42:107:66":10,"s:108:16:108:Infinity":40,"b:110:12:112:Infinity:undefined:undefined:undefined:undefined":11,"s:110:12:112:Infinity":41,"s:111:16:111:Infinity":42,"b:113:12:115:Infinity:undefined:undefined:undefined:undefined":12,"s:113:12:115:Infinity":43,"s:114:16:114:Infinity":44,"s:116:12:116:Infinity":45,"s:117:12:117:Infinity":46,"s:118:12:118:Infinity":47,"s:119:26:119:Infinity":48,"s:120:12:122:Infinity":49,"s:126:4:145:Infinity":50,"f:126:79:126:86":6,"s:127:21:127:Infinity":51,"s:128:36:128:Infinity":52,"s:129:21:129:Infinity":53,"b:130:8:132:Infinity:undefined:undefined:undefined:undefined":13,"s:130:8:132:Infinity":54,"b:130:12:130:21:130:21:130:39:130:39:130:89":14,"s:131:12:131:Infinity":55,"b:133:8:140:Infinity:undefined:undefined:undefined:undefined":15,"s:133:8:140:Infinity":56,"s:134:25:134:Infinity":57,"s:135:12:135:Infinity":58,"s:136:12:136:Infinity":59,"s:137:12:137:Infinity":60,"s:138:12:138:Infinity":61,"s:139:12:139:Infinity":62,"s:141:22:141:Infinity":63,"s:142:8:144:Infinity":64,"s:147:4:170:Infinity":65,"f:147:81:147:88":7,"s:148:21:148:Infinity":66,"s:149:33:149:Infinity":67,"s:150:21:150:Infinity":68,"b:151:8:153:Infinity:undefined:undefined:undefined:undefined":16,"s:151:8:153:Infinity":69,"b:151:12:151:21:151:21:151:38:151:38:151:62":17,"s:152:12:152:Infinity":70,"b:154:8:159:Infinity:undefined:undefined:undefined:undefined":18,"s:154:8:159:Infinity":71,"s:155:12:155:Infinity":72,"s:156:12:156:Infinity":73,"s:157:12:157:Infinity":74,"s:158:12:158:Infinity":75,"b:160:8:162:Infinity:undefined:undefined:undefined:undefined":19,"s:160:8:162:Infinity":76,"s:161:12:161:Infinity":77,"s:163:8:163:Infinity":78,"s:164:8:164:Infinity":79,"s:165:8:165:Infinity":80,"s:166:22:166:Infinity":81,"s:167:8:169:Infinity":82,"s:172:4:174:Infinity":83,"f:172:33:172:40":8,"s:173:8:173:Infinity":84,"s:176:4:196:Infinity":85,"f:176:28:176:35":9,"s:177:8:181:Infinity":86,"s:178:12:178:Infinity":87,"s:180:12:180:Infinity":88,"s:182:21:182:Infinity":89,"s:183:21:183:Infinity":90,"b:184:8:184:Infinity:undefined:undefined:undefined:undefined":20,"s:184:8:184:Infinity":91,"s:184:19:184:Infinity":92,"s:185:28:185:Infinity":93,"s:186:8:195:Infinity":94,"b:193:27:193:49:193:49:193:Infinity":21,"s:198:4:211:Infinity":95,"f:198:79:198:86":10,"s:199:8:203:Infinity":96,"s:200:12:200:Infinity":97,"s:202:12:202:Infinity":98,"s:204:21:204:Infinity":99,"s:205:21:205:Infinity":100,"b:206:8:206:Infinity:undefined:undefined:undefined:undefined":22,"s:206:8:206:Infinity":101,"s:206:19:206:Infinity":102,"s:207:8:207:Infinity":103,"b:207:24:207:45:207:45:207:Infinity":23,"s:208:8:208:Infinity":104,"b:208:19:208:35:208:35:208:Infinity":24,"s:209:8:209:Infinity":105,"s:210:8:210:Infinity":106,"s:213:4:230:Infinity":107,"f:213:95:213:102":11,"s:214:8:218:Infinity":108,"s:215:12:215:Infinity":109,"s:217:12:217:Infinity":110,"s:219:21:219:Infinity":111,"s:220:21:220:Infinity":112,"b:221:8:221:Infinity:undefined:undefined:undefined:undefined":25,"s:221:8:221:Infinity":113,"s:221:19:221:Infinity":114,"b:222:8:226:Infinity:undefined:undefined:undefined:undefined":26,"s:222:8:226:Infinity":115,"b:223:12:225:Infinity:undefined:undefined:undefined:undefined":27,"s:223:12:225:Infinity":116,"b:223:16:223:45:223:45:223:111":28,"s:224:16:224:Infinity":117,"s:227:8:227:Infinity":118,"s:228:8:228:Infinity":119,"s:229:8:229:Infinity":120,"s:232:4:248:Infinity":121,"f:232:61:232:68":12,"s:233:8:237:Infinity":122,"s:234:12:234:Infinity":123,"s:236:12:236:Infinity":124,"s:238:21:238:Infinity":125,"s:239:21:239:Infinity":126,"b:240:8:240:Infinity:undefined:undefined:undefined:undefined":29,"s:240:8:240:Infinity":127,"s:240:19:240:Infinity":128,"s:241:8:241:Infinity":129,"b:242:8:245:Infinity:undefined:undefined:undefined:undefined":30,"s:242:8:245:Infinity":130,"s:243:12:243:Infinity":131,"s:244:12:244:Infinity":132,"s:246:8:246:Infinity":133,"s:247:8:247:Infinity":134,"f:251:22:251:42":13,"b:252:4:277:Infinity:undefined:undefined:undefined:undefined":31,"s:252:4:277:Infinity":135,"b:252:8:252:40:252:40:252:74":32,"s:253:8:267:Infinity":136,"s:269:8:276:Infinity":137,"f:269:45:269:52":14,"s:270:26:270:Infinity":138,"s:271:24:273:Infinity":139,"s:274:28:274:Infinity":140,"s:275:12:275:Infinity":141,"b:279:4:309:Infinity:undefined:undefined:undefined:undefined":33,"s:279:4:309:Infinity":142,"b:279:8:279:40:279:40:279:74":34,"s:280:8:294:Infinity":143,"s:296:8:308:Infinity":144,"f:296:45:296:52":15,"s:297:26:297:Infinity":145,"s:298:28:298:Infinity":146,"s:299:41:302:Infinity":147,"s:303:25:303:Infinity":148,"s:304:27:304:Infinity":149,"s:305:33:305:Infinity":150,"b:305:33:305:47:305:47:305:99:305:99:305:Infinity":35,"b:306:12:306:Infinity:undefined:undefined:undefined:undefined":36,"s:306:12:306:Infinity":151,"s:306:31:306:Infinity":152,"s:307:12:307:Infinity":153,"b:307:83:307:96:307:96:307:110":37,"b:311:4:337:Infinity:undefined:undefined:undefined:undefined":38,"s:311:4:337:Infinity":154,"b:311:8:311:43:311:43:311:80":39,"s:312:8:326:Infinity":155,"s:328:8:336:Infinity":156,"f:328:48:328:55":16,"s:329:26:329:Infinity":157,"s:330:24:332:Infinity":158,"s:333:28:333:Infinity":159,"s:334:26:334:Infinity":160,"b:334:26:334:42:334:42:334:Infinity":40,"s:335:12:335:Infinity":161,"f:340:22:340:34":17,"s:341:4:345:Infinity":162,"s:342:8:342:Infinity":163,"s:344:8:344:Infinity":164}}}
,"/Users/gugu/Developer/Personal/justlikethat/fastify-admin/fastify-admin/src/routes/entities.ts": {"path":"/Users/gugu/Developer/Personal/justlikethat/fastify-admin/fastify-admin/src/routes/entities.ts","statementMap":{"0":{"start":{"line":11,"column":4},"end":{"line":23,"column":null}},"1":{"start":{"line":12,"column":21},"end":{"line":12,"column":null}},"2":{"start":{"line":13,"column":22},"end":{"line":13,"column":null}},"3":{"start":{"line":15,"column":8},"end":{"line":15,"column":null}},"4":{"start":{"line":15,"column":28},"end":{"line":15,"column":43}},"5":{"start":{"line":16,"column":8},"end":{"line":16,"column":null}},"6":{"start":{"line":16,"column":45},"end":{"line":16,"column":74}},"7":{"start":{"line":17,"column":8},"end":{"line":17,"column":null}},"8":{"start":{"line":17,"column":37},"end":{"line":17,"column":59}},"9":{"start":{"line":18,"column":8},"end":{"line":18,"column":null}},"10":{"start":{"line":18,"column":45},"end":{"line":18,"column":82}},"11":{"start":{"line":19,"column":8},"end":{"line":22,"column":null}},"12":{"start":{"line":20,"column":28},"end":{"line":20,"column":null}},"13":{"start":{"line":21,"column":12},"end":{"line":21,"column":null}}},"fnMap":{"0":{"name":"registerEntityRoutes","decl":{"start":{"line":6,"column":22},"end":{"line":6,"column":null}},"loc":{"start":{"line":10,"column":2},"end":{"line":24,"column":null}},"line":10},"1":{"name":"(anonymous_1)","decl":{"start":{"line":15,"column":22},"end":{"line":15,"column":28}},"loc":{"start":{"line":15,"column":28},"end":{"line":15,"column":43}},"line":15},"2":{"name":"(anonymous_2)","decl":{"start":{"line":16,"column":31},"end":{"line":16,"column":32}},"loc":{"start":{"line":16,"column":45},"end":{"line":16,"column":74}},"line":16},"3":{"name":"(anonymous_3)","decl":{"start":{"line":17,"column":23},"end":{"line":17,"column":24}},"loc":{"start":{"line":17,"column":37},"end":{"line":17,"column":59}},"line":17},"4":{"name":"(anonymous_4)","decl":{"start":{"line":18,"column":31},"end":{"line":18,"column":32}},"loc":{"start":{"line":18,"column":45},"end":{"line":18,"column":82}},"line":18},"5":{"name":"(anonymous_5)","decl":{"start":{"line":19,"column":34},"end":{"line":19,"column":41}},"loc":{"start":{"line":19,"column":54},"end":{"line":22,"column":9}},"line":19}},"branchMap":{},"s":{"0":1,"1":3,"2":3,"3":3,"4":0,"5":3,"6":0,"7":3,"8":0,"9":3,"10":0,"11":3,"12":0,"13":0},"f":{"0":1,"1":0,"2":0,"3":0,"4":0,"5":0},"b":{},"meta":{"lastBranch":0,"lastFunction":6,"lastStatement":14,"seen":{"f:6:22:6:Infinity":0,"s:11:4:23:Infinity":0,"s:12:21:12:Infinity":1,"s:13:22:13:Infinity":2,"s:15:8:15:Infinity":3,"f:15:22:15:28":1,"s:15:28:15:43":4,"s:16:8:16:Infinity":5,"f:16:31:16:32":2,"s:16:45:16:74":6,"s:17:8:17:Infinity":7,"f:17:23:17:24":3,"s:17:37:17:59":8,"s:18:8:18:Infinity":9,"f:18:31:18:32":4,"s:18:45:18:82":10,"s:19:8:22:Infinity":11,"f:19:34:19:41":5,"s:20:28:20:Infinity":12,"s:21:12:21:Infinity":13}}}
}
